2026-05-06 16:45:08,146 [INFO] Note: NumExpr detected 24 cores but "NUMEXPR_MAX_THREADS" not set, so enforcing safe limit of 8.
2026-05-06 16:45:08,146 [INFO] NumExpr defaulting to 8 threads.
2026-05-06 16:45:10,092 [INFO] === Ек5еТ: СННзЖЮСЊКЯдЄВт ===
2026-05-06 16:45:10,093 [INFO] Stage 1: H Ёњ ['Heave', 'Surge', 'Pitch']  |  Stage 2: ['Heave', 'Surge', 'Pitch'] Ёњ Force1
2026-05-06 16:45:10,093 [INFO] ФЃЪН: model_compare | ЖдБШФЃаЭ: ['lstm', 'gru', 'bilstm', 'attention'] | ЛиЙЫДАПк: 500 | дЄВтЪгвА: 10
2026-05-06 16:45:10,125 [INFO] Ъ§ОнвбМгди: 40000 аа, 9 Са
2026-05-06 16:45:10,338 [INFO] ЉЅЉЅЉЅ Stage 1 ФЃаЭ: lstm ЉЅЉЅЉЅ
2026-05-06 16:45:10,339 [INFO]   Stage 1: H Ёњ Heave
2026-05-06 16:45:13.366986: W tensorflow/core/common_runtime/gpu/gpu_device.cc:2027] TensorFlow was not built with CUDA kernel binaries compatible with compute capability 12.0. CUDA kernels will be jit-compiled from PTX, which could take 30 minutes or longer.
2026-05-06 16:45:13.374246: I tensorflow/core/platform/cpu_feature_guard.cc:193] This TensorFlow binary is optimized with oneAPI Deep Neural Network Library (oneDNN) to use the following CPU instructions in performance-critical operations:  AVX AVX2
To enable them in other operations, rebuild TensorFlow with the appropriate compiler flags.
2026-05-06 16:45:13.374843: W tensorflow/core/common_runtime/gpu/gpu_device.cc:2027] TensorFlow was not built with CUDA kernel binaries compatible with compute capability 12.0. CUDA kernels will be jit-compiled from PTX, which could take 30 minutes or longer.
2026-05-06 16:47:00.654346: I tensorflow/core/common_runtime/gpu/gpu_device.cc:1616] Created device /job:localhost/replica:0/task:0/device:GPU:0 with 5242 MB memory:  -> device: 0, name: NVIDIA GeForce RTX 5070 Laptop GPU, pci bus id: 0000:01:00.0, compute capability: 12.0
2026-05-06 16:47:01,438 [INFO] вбЙЙНЈ LSTM ФЃаЭ: num_layers=3, units=[25, 100, 100], activation=tanh
Epoch 1/30
2026-05-06 16:48:24.706230: I tensorflow/stream_executor/cuda/cuda_dnn.cc:384] Loaded cuDNN version 8100
2026-05-06 16:49:09.950659: I tensorflow/stream_executor/cuda/cuda_blas.cc:1614] TensorFloat-32 will be used for the matrix multiplication. This will only be logged once.
60/60 - 210s - loss: 0.0802 - val_loss: 0.0198 - 210s/epoch - 3s/step
Epoch 2/30
60/60 - 10s - loss: 0.0264 - val_loss: 0.0131 - 10s/epoch - 164ms/step
Epoch 3/30
60/60 - 10s - loss: 0.0189 - val_loss: 0.0138 - 10s/epoch - 165ms/step
Epoch 4/30
60/60 - 10s - loss: 0.0144 - val_loss: 0.0097 - 10s/epoch - 167ms/step
Epoch 5/30
60/60 - 10s - loss: 0.0148 - val_loss: 0.0106 - 10s/epoch - 159ms/step
Epoch 6/30
60/60 - 10s - loss: 0.0127 - val_loss: 0.0068 - 10s/epoch - 161ms/step
Epoch 7/30
60/60 - 9s - loss: 0.0114 - val_loss: 0.0063 - 9s/epoch - 157ms/step
Epoch 8/30
60/60 - 9s - loss: 0.0108 - val_loss: 0.0063 - 9s/epoch - 157ms/step
Epoch 9/30
60/60 - 10s - loss: 0.0096 - val_loss: 0.0069 - 10s/epoch - 160ms/step
Epoch 10/30
60/60 - 9s - loss: 0.0124 - val_loss: 0.0075 - 9s/epoch - 155ms/step
Epoch 11/30
60/60 - 9s - loss: 0.0110 - val_loss: 0.0080 - 9s/epoch - 157ms/step
Epoch 12/30
60/60 - 10s - loss: 0.0102 - val_loss: 0.0058 - 10s/epoch - 163ms/step
Epoch 13/30
60/60 - 9s - loss: 0.0094 - val_loss: 0.0055 - 9s/epoch - 143ms/step
Epoch 14/30
60/60 - 7s - loss: 0.0116 - val_loss: 0.0060 - 7s/epoch - 125ms/step
Epoch 15/30
60/60 - 7s - loss: 0.0101 - val_loss: 0.0055 - 7s/epoch - 124ms/step
Epoch 16/30
60/60 - 7s - loss: 0.0090 - val_loss: 0.0055 - 7s/epoch - 124ms/step
Epoch 17/30
60/60 - 7s - loss: 0.0084 - val_loss: 0.0047 - 7s/epoch - 124ms/step
Epoch 18/30
60/60 - 7s - loss: 0.0078 - val_loss: 0.0042 - 7s/epoch - 124ms/step
Epoch 19/30
60/60 - 7s - loss: 0.0097 - val_loss: 0.0122 - 7s/epoch - 124ms/step
Epoch 20/30
60/60 - 7s - loss: 0.0132 - val_loss: 0.0096 - 7s/epoch - 124ms/step
Epoch 21/30
60/60 - 7s - loss: 0.0124 - val_loss: 0.0118 - 7s/epoch - 124ms/step
Epoch 22/30
60/60 - 7s - loss: 0.0131 - val_loss: 0.0107 - 7s/epoch - 124ms/step
Epoch 23/30
60/60 - 7s - loss: 0.0120 - val_loss: 0.0104 - 7s/epoch - 125ms/step
Epoch 24/30
60/60 - 7s - loss: 0.0118 - val_loss: 0.0093 - 7s/epoch - 124ms/step
Epoch 25/30
60/60 - 7s - loss: 0.0116 - val_loss: 0.0094 - 7s/epoch - 124ms/step
Epoch 26/30
60/60 - 7s - loss: 0.0112 - val_loss: 0.0126 - 7s/epoch - 124ms/step
Epoch 27/30
60/60 - 7s - loss: 0.0113 - val_loss: 0.0087 - 7s/epoch - 124ms/step
Epoch 28/30
60/60 - 7s - loss: 0.0102 - val_loss: 0.0086 - 7s/epoch - 123ms/step
Epoch 29/30
60/60 - 7s - loss: 0.0103 - val_loss: 0.0097 - 7s/epoch - 125ms/step
Epoch 30/30
60/60 - 7s - loss: 0.0105 - val_loss: 0.0134 - 7s/epoch - 124ms/step
2026-05-06 16:54:39,849 [INFO]   Stage 1 [H Ёњ Heave] ЭъГЩ: (3000, 1) Ёњ (4500, 1)
2026-05-06 16:54:39,849 [INFO]   Stage 1: H Ёњ Surge
2026-05-06 16:54:40,655 [INFO] вбЙЙНЈ LSTM ФЃаЭ: num_layers=3, units=[25, 100, 100], activation=tanh
Epoch 1/30
66/66 - 10s - loss: 0.8690 - val_loss: 0.8891 - 10s/epoch - 148ms/step
Epoch 2/30
66/66 - 8s - loss: 0.8912 - val_loss: 0.8891 - 8s/epoch - 119ms/step
Epoch 3/30
66/66 - 8s - loss: 0.8912 - val_loss: 0.8891 - 8s/epoch - 119ms/step
Epoch 4/30
66/66 - 8s - loss: 0.8912 - val_loss: 0.8891 - 8s/epoch - 119ms/step
Epoch 5/30
66/66 - 8s - loss: 0.8912 - val_loss: 0.8891 - 8s/epoch - 118ms/step
Epoch 6/30
66/66 - 8s - loss: 0.8912 - val_loss: 0.8891 - 8s/epoch - 119ms/step
Epoch 7/30
66/66 - 8s - loss: 0.8912 - val_loss: 0.8891 - 8s/epoch - 120ms/step
Epoch 8/30
66/66 - 8s - loss: 0.8912 - val_loss: 0.8891 - 8s/epoch - 119ms/step
Epoch 9/30
66/66 - 8s - loss: 0.8912 - val_loss: 0.8891 - 8s/epoch - 119ms/step
Epoch 10/30
66/66 - 8s - loss: 0.8912 - val_loss: 0.8891 - 8s/epoch - 119ms/step
Epoch 11/30
66/66 - 8s - loss: 0.8912 - val_loss: 0.8891 - 8s/epoch - 120ms/step
Epoch 12/30
66/66 - 8s - loss: 0.8912 - val_loss: 0.8891 - 8s/epoch - 120ms/step
Epoch 13/30
66/66 - 8s - loss: 0.8912 - val_loss: 0.8891 - 8s/epoch - 120ms/step
Epoch 14/30
66/66 - 9s - loss: 0.8912 - val_loss: 0.8891 - 9s/epoch - 138ms/step
Epoch 15/30
66/66 - 10s - loss: 0.8912 - val_loss: 0.8891 - 10s/epoch - 150ms/step
Epoch 16/30
66/66 - 10s - loss: 0.8912 - val_loss: 0.8891 - 10s/epoch - 156ms/step
Epoch 17/30
66/66 - 10s - loss: 0.8912 - val_loss: 0.8891 - 10s/epoch - 155ms/step
Epoch 18/30
66/66 - 10s - loss: 0.8912 - val_loss: 0.8891 - 10s/epoch - 153ms/step
Epoch 19/30
66/66 - 10s - loss: 0.8912 - val_loss: 0.8891 - 10s/epoch - 150ms/step
Epoch 20/30
66/66 - 10s - loss: 0.8912 - val_loss: 0.8891 - 10s/epoch - 153ms/step
Epoch 21/30
66/66 - 10s - loss: 0.8912 - val_loss: 0.8891 - 10s/epoch - 150ms/step
Epoch 22/30
66/66 - 10s - loss: 0.8912 - val_loss: 0.8891 - 10s/epoch - 155ms/step
Epoch 23/30
66/66 - 11s - loss: 0.8912 - val_loss: 0.8891 - 11s/epoch - 159ms/step
Epoch 24/30
66/66 - 10s - loss: 0.8912 - val_loss: 0.8891 - 10s/epoch - 154ms/step
Epoch 25/30
66/66 - 10s - loss: 0.8912 - val_loss: 0.8891 - 10s/epoch - 154ms/step
Epoch 26/30
66/66 - 11s - loss: 0.8912 - val_loss: 0.8891 - 11s/epoch - 160ms/step
Epoch 27/30
66/66 - 10s - loss: 0.8912 - val_loss: 0.8891 - 10s/epoch - 156ms/step
Epoch 28/30
66/66 - 11s - loss: 0.8912 - val_loss: 0.8891 - 11s/epoch - 159ms/step
Epoch 29/30
66/66 - 10s - loss: 0.8912 - val_loss: 0.8891 - 10s/epoch - 156ms/step
Epoch 30/30
66/66 - 10s - loss: 0.8912 - val_loss: 0.8891 - 10s/epoch - 153ms/step
2026-05-06 16:59:28,027 [INFO]   Stage 1 [H Ёњ Surge] ЭъГЩ: (3300, 1) Ёњ (4500, 1) (ВУМєЧА300аа)
2026-05-06 16:59:28,027 [INFO]   Stage 1: H Ёњ Pitch
2026-05-06 16:59:28,851 [INFO] вбЙЙНЈ LSTM ФЃаЭ: num_layers=3, units=[25, 100, 100], activation=tanh
Epoch 1/30
60/60 - 12s - loss: 0.1007 - val_loss: 0.0699 - 12s/epoch - 194ms/step
Epoch 2/30
60/60 - 9s - loss: 0.0729 - val_loss: 0.0699 - 9s/epoch - 156ms/step
Epoch 3/30
60/60 - 9s - loss: 0.0726 - val_loss: 0.0700 - 9s/epoch - 153ms/step
Epoch 4/30
60/60 - 9s - loss: 0.0724 - val_loss: 0.0691 - 9s/epoch - 153ms/step
Epoch 5/30
60/60 - 10s - loss: 0.0723 - val_loss: 0.0693 - 10s/epoch - 162ms/step
Epoch 6/30
60/60 - 10s - loss: 0.0713 - val_loss: 0.0539 - 10s/epoch - 161ms/step
Epoch 7/30
60/60 - 10s - loss: 0.0731 - val_loss: 0.0701 - 10s/epoch - 164ms/step
Epoch 8/30
60/60 - 10s - loss: 0.0726 - val_loss: 0.0702 - 10s/epoch - 166ms/step
Epoch 9/30
60/60 - 10s - loss: 0.0726 - val_loss: 0.0702 - 10s/epoch - 161ms/step
Epoch 10/30
60/60 - 10s - loss: 0.0726 - val_loss: 0.0702 - 10s/epoch - 160ms/step
Epoch 11/30
60/60 - 9s - loss: 0.0726 - val_loss: 0.0702 - 9s/epoch - 155ms/step
Epoch 12/30
60/60 - 9s - loss: 0.0726 - val_loss: 0.0702 - 9s/epoch - 157ms/step
Epoch 13/30
60/60 - 9s - loss: 0.0726 - val_loss: 0.0702 - 9s/epoch - 158ms/step
Epoch 14/30
60/60 - 9s - loss: 0.0726 - val_loss: 0.0702 - 9s/epoch - 154ms/step
Epoch 15/30
60/60 - 10s - loss: 0.0726 - val_loss: 0.0702 - 10s/epoch - 162ms/step
Epoch 16/30
60/60 - 10s - loss: 0.0726 - val_loss: 0.0702 - 10s/epoch - 170ms/step
Epoch 17/30
60/60 - 10s - loss: 0.0726 - val_loss: 0.0702 - 10s/epoch - 159ms/step
Epoch 18/30
60/60 - 9s - loss: 0.0726 - val_loss: 0.0702 - 9s/epoch - 156ms/step
Epoch 19/30
60/60 - 9s - loss: 0.0726 - val_loss: 0.0702 - 9s/epoch - 148ms/step
Epoch 20/30
60/60 - 9s - loss: 0.0726 - val_loss: 0.0702 - 9s/epoch - 157ms/step
Epoch 21/30
60/60 - 9s - loss: 0.0726 - val_loss: 0.0702 - 9s/epoch - 156ms/step
Epoch 22/30
60/60 - 10s - loss: 0.0726 - val_loss: 0.0702 - 10s/epoch - 161ms/step
Epoch 23/30
60/60 - 10s - loss: 0.0726 - val_loss: 0.0702 - 10s/epoch - 163ms/step
Epoch 24/30
60/60 - 10s - loss: 0.0726 - val_loss: 0.0702 - 10s/epoch - 160ms/step
Epoch 25/30
60/60 - 9s - loss: 0.0727 - val_loss: 0.0702 - 9s/epoch - 156ms/step
Epoch 26/30
60/60 - 10s - loss: 0.0726 - val_loss: 0.0702 - 10s/epoch - 162ms/step
Epoch 27/30
60/60 - 10s - loss: 0.0726 - val_loss: 0.0702 - 10s/epoch - 162ms/step
Epoch 28/30
60/60 - 9s - loss: 0.0726 - val_loss: 0.0702 - 9s/epoch - 155ms/step
Epoch 29/30
60/60 - 10s - loss: 0.0726 - val_loss: 0.0702 - 10s/epoch - 164ms/step
Epoch 30/30
60/60 - 10s - loss: 0.0726 - val_loss: 0.0702 - 10s/epoch - 162ms/step
2026-05-06 17:04:27,299 [INFO]   Stage 1 [H Ёњ Pitch] ЭъГЩ: (3000, 1) Ёњ (4500, 1)
2026-05-06 17:04:27,301 [INFO]   Stage 2: {Heave,Surge,Pitch} Ёњ Force1
2026-05-06 17:04:28,437 [INFO]   Stage 2: train_X=(3000, 3) valid_X=(4500, 3)
2026-05-06 17:04:28,466 [INFO] вбЙЙНЈ BPNN ФЃаЭ: hidden_units=[150, 150, 150], activation=tanh, functional=True
Epoch 1/1000
12/12 - 0s - loss: 2.6431 - val_loss: 0.4863 - 255ms/epoch - 21ms/step
Epoch 2/1000
12/12 - 0s - loss: 0.1489 - val_loss: 0.0254 - 57ms/epoch - 5ms/step
Epoch 3/1000
12/12 - 0s - loss: 0.0478 - val_loss: 0.0328 - 66ms/epoch - 5ms/step
Epoch 4/1000
12/12 - 0s - loss: 0.0283 - val_loss: 0.0168 - 59ms/epoch - 5ms/step
Epoch 5/1000
12/12 - 0s - loss: 0.0172 - val_loss: 0.0164 - 70ms/epoch - 6ms/step
Epoch 6/1000
12/12 - 0s - loss: 0.0168 - val_loss: 0.0175 - 51ms/epoch - 4ms/step
Epoch 7/1000
12/12 - 0s - loss: 0.0158 - val_loss: 0.0167 - 52ms/epoch - 4ms/step
Epoch 8/1000
12/12 - 0s - loss: 0.0157 - val_loss: 0.0165 - 50ms/epoch - 4ms/step
Epoch 9/1000
12/12 - 0s - loss: 0.0159 - val_loss: 0.0168 - 56ms/epoch - 5ms/step
Epoch 10/1000
12/12 - 0s - loss: 0.0158 - val_loss: 0.0165 - 48ms/epoch - 4ms/step
Epoch 11/1000
12/12 - 0s - loss: 0.0158 - val_loss: 0.0166 - 50ms/epoch - 4ms/step
Epoch 12/1000
12/12 - 0s - loss: 0.0159 - val_loss: 0.0166 - 50ms/epoch - 4ms/step
Epoch 13/1000
12/12 - 0s - loss: 0.0159 - val_loss: 0.0166 - 47ms/epoch - 4ms/step
Epoch 14/1000
12/12 - 0s - loss: 0.0159 - val_loss: 0.0166 - 47ms/epoch - 4ms/step
Epoch 15/1000
12/12 - 0s - loss: 0.0160 - val_loss: 0.0166 - 49ms/epoch - 4ms/step
Epoch 16/1000
12/12 - 0s - loss: 0.0160 - val_loss: 0.0166 - 47ms/epoch - 4ms/step
Epoch 17/1000
12/12 - 0s - loss: 0.0160 - val_loss: 0.0166 - 47ms/epoch - 4ms/step
Epoch 18/1000
12/12 - 0s - loss: 0.0160 - val_loss: 0.0166 - 47ms/epoch - 4ms/step
Epoch 19/1000
12/12 - 0s - loss: 0.0160 - val_loss: 0.0166 - 48ms/epoch - 4ms/step
Epoch 20/1000
12/12 - 0s - loss: 0.0160 - val_loss: 0.0166 - 49ms/epoch - 4ms/step
Epoch 21/1000
12/12 - 0s - loss: 0.0160 - val_loss: 0.0166 - 50ms/epoch - 4ms/step
Epoch 22/1000
12/12 - 0s - loss: 0.0160 - val_loss: 0.0166 - 49ms/epoch - 4ms/step
Epoch 23/1000
12/12 - 0s - loss: 0.0160 - val_loss: 0.0166 - 48ms/epoch - 4ms/step
Epoch 24/1000
12/12 - 0s - loss: 0.0160 - val_loss: 0.0166 - 51ms/epoch - 4ms/step
Epoch 25/1000
12/12 - 0s - loss: 0.0159 - val_loss: 0.0166 - 48ms/epoch - 4ms/step
Epoch 26/1000
12/12 - 0s - loss: 0.0159 - val_loss: 0.0166 - 49ms/epoch - 4ms/step
Epoch 27/1000
12/12 - 0s - loss: 0.0159 - val_loss: 0.0165 - 47ms/epoch - 4ms/step
Epoch 28/1000
12/12 - 0s - loss: 0.0159 - val_loss: 0.0165 - 48ms/epoch - 4ms/step
Epoch 29/1000
12/12 - 0s - loss: 0.0159 - val_loss: 0.0165 - 48ms/epoch - 4ms/step
Epoch 30/1000
12/12 - 0s - loss: 0.0159 - val_loss: 0.0165 - 52ms/epoch - 4ms/step
Epoch 31/1000
12/12 - 0s - loss: 0.0159 - val_loss: 0.0165 - 48ms/epoch - 4ms/step
Epoch 32/1000
12/12 - 0s - loss: 0.0159 - val_loss: 0.0165 - 47ms/epoch - 4ms/step
Epoch 33/1000
12/12 - 0s - loss: 0.0158 - val_loss: 0.0165 - 45ms/epoch - 4ms/step
Epoch 34/1000
12/12 - 0s - loss: 0.0158 - val_loss: 0.0165 - 55ms/epoch - 5ms/step
Epoch 35/1000
12/12 - 0s - loss: 0.0158 - val_loss: 0.0165 - 52ms/epoch - 4ms/step
Epoch 36/1000
12/12 - 0s - loss: 0.0158 - val_loss: 0.0165 - 47ms/epoch - 4ms/step
Epoch 37/1000
12/12 - 0s - loss: 0.0158 - val_loss: 0.0165 - 49ms/epoch - 4ms/step
Epoch 38/1000
12/12 - 0s - loss: 0.0158 - val_loss: 0.0165 - 49ms/epoch - 4ms/step
Epoch 39/1000
12/12 - 0s - loss: 0.0158 - val_loss: 0.0165 - 49ms/epoch - 4ms/step
Epoch 40/1000
12/12 - 0s - loss: 0.0158 - val_loss: 0.0165 - 45ms/epoch - 4ms/step
Epoch 41/1000
12/12 - 0s - loss: 0.0158 - val_loss: 0.0165 - 48ms/epoch - 4ms/step
Epoch 42/1000
12/12 - 0s - loss: 0.0158 - val_loss: 0.0165 - 45ms/epoch - 4ms/step
Epoch 43/1000
12/12 - 0s - loss: 0.0158 - val_loss: 0.0165 - 45ms/epoch - 4ms/step
Epoch 44/1000
12/12 - 0s - loss: 0.0158 - val_loss: 0.0165 - 47ms/epoch - 4ms/step
Epoch 45/1000
12/12 - 0s - loss: 0.0157 - val_loss: 0.0165 - 46ms/epoch - 4ms/step
Epoch 46/1000
12/12 - 0s - loss: 0.0157 - val_loss: 0.0164 - 50ms/epoch - 4ms/step
Epoch 47/1000
12/12 - 0s - loss: 0.0157 - val_loss: 0.0164 - 46ms/epoch - 4ms/step
Epoch 48/1000
12/12 - 0s - loss: 0.0157 - val_loss: 0.0164 - 45ms/epoch - 4ms/step
Epoch 49/1000
12/12 - 0s - loss: 0.0157 - val_loss: 0.0164 - 46ms/epoch - 4ms/step
Epoch 50/1000
12/12 - 0s - loss: 0.0157 - val_loss: 0.0164 - 48ms/epoch - 4ms/step
Epoch 51/1000
12/12 - 0s - loss: 0.0157 - val_loss: 0.0164 - 48ms/epoch - 4ms/step
Epoch 52/1000
12/12 - 0s - loss: 0.0157 - val_loss: 0.0164 - 46ms/epoch - 4ms/step
Epoch 53/1000
12/12 - 0s - loss: 0.0157 - val_loss: 0.0164 - 49ms/epoch - 4ms/step
Epoch 54/1000
12/12 - 0s - loss: 0.0157 - val_loss: 0.0164 - 48ms/epoch - 4ms/step
Epoch 55/1000
12/12 - 0s - loss: 0.0157 - val_loss: 0.0164 - 47ms/epoch - 4ms/step
Epoch 56/1000
12/12 - 0s - loss: 0.0157 - val_loss: 0.0164 - 53ms/epoch - 4ms/step
Epoch 57/1000
12/12 - 0s - loss: 0.0157 - val_loss: 0.0164 - 47ms/epoch - 4ms/step
Epoch 58/1000
12/12 - 0s - loss: 0.0157 - val_loss: 0.0164 - 50ms/epoch - 4ms/step
Epoch 59/1000
12/12 - 0s - loss: 0.0157 - val_loss: 0.0164 - 45ms/epoch - 4ms/step
Epoch 60/1000
12/12 - 0s - loss: 0.0157 - val_loss: 0.0164 - 51ms/epoch - 4ms/step
Epoch 61/1000
12/12 - 0s - loss: 0.0157 - val_loss: 0.0164 - 50ms/epoch - 4ms/step
Epoch 62/1000
12/12 - 0s - loss: 0.0157 - val_loss: 0.0164 - 47ms/epoch - 4ms/step
Epoch 63/1000
12/12 - 0s - loss: 0.0157 - val_loss: 0.0164 - 46ms/epoch - 4ms/step
Epoch 64/1000
12/12 - 0s - loss: 0.0157 - val_loss: 0.0164 - 47ms/epoch - 4ms/step
Epoch 65/1000
12/12 - 0s - loss: 0.0157 - val_loss: 0.0164 - 46ms/epoch - 4ms/step
Epoch 66/1000
12/12 - 0s - loss: 0.0157 - val_loss: 0.0164 - 46ms/epoch - 4ms/step
Epoch 67/1000
12/12 - 0s - loss: 0.0157 - val_loss: 0.0164 - 50ms/epoch - 4ms/step
Epoch 68/1000
12/12 - 0s - loss: 0.0157 - val_loss: 0.0164 - 48ms/epoch - 4ms/step
Epoch 69/1000
12/12 - 0s - loss: 0.0157 - val_loss: 0.0164 - 52ms/epoch - 4ms/step
Epoch 70/1000
12/12 - 0s - loss: 0.0157 - val_loss: 0.0164 - 45ms/epoch - 4ms/step
Epoch 71/1000
12/12 - 0s - loss: 0.0157 - val_loss: 0.0164 - 46ms/epoch - 4ms/step
Epoch 72/1000
12/12 - 0s - loss: 0.0157 - val_loss: 0.0164 - 46ms/epoch - 4ms/step
Epoch 73/1000
12/12 - 0s - loss: 0.0157 - val_loss: 0.0164 - 49ms/epoch - 4ms/step
Epoch 74/1000
12/12 - 0s - loss: 0.0157 - val_loss: 0.0164 - 46ms/epoch - 4ms/step
Epoch 75/1000
12/12 - 0s - loss: 0.0157 - val_loss: 0.0164 - 48ms/epoch - 4ms/step
Epoch 76/1000
12/12 - 0s - loss: 0.0157 - val_loss: 0.0164 - 45ms/epoch - 4ms/step
Epoch 77/1000
12/12 - 0s - loss: 0.0157 - val_loss: 0.0164 - 44ms/epoch - 4ms/step
Epoch 78/1000
12/12 - 0s - loss: 0.0157 - val_loss: 0.0164 - 51ms/epoch - 4ms/step
Epoch 79/1000
12/12 - 0s - loss: 0.0157 - val_loss: 0.0164 - 46ms/epoch - 4ms/step
Epoch 80/1000
12/12 - 0s - loss: 0.0157 - val_loss: 0.0164 - 48ms/epoch - 4ms/step
Epoch 81/1000
12/12 - 0s - loss: 0.0157 - val_loss: 0.0164 - 47ms/epoch - 4ms/step
Epoch 82/1000
12/12 - 0s - loss: 0.0157 - val_loss: 0.0164 - 50ms/epoch - 4ms/step
Epoch 83/1000
12/12 - 0s - loss: 0.0157 - val_loss: 0.0164 - 47ms/epoch - 4ms/step
Epoch 84/1000
12/12 - 0s - loss: 0.0157 - val_loss: 0.0164 - 50ms/epoch - 4ms/step
Epoch 85/1000
12/12 - 0s - loss: 0.0157 - val_loss: 0.0164 - 47ms/epoch - 4ms/step
Epoch 86/1000
12/12 - 0s - loss: 0.0157 - val_loss: 0.0164 - 51ms/epoch - 4ms/step
Epoch 87/1000
12/12 - 0s - loss: 0.0157 - val_loss: 0.0164 - 47ms/epoch - 4ms/step
Epoch 88/1000
12/12 - 0s - loss: 0.0157 - val_loss: 0.0164 - 48ms/epoch - 4ms/step
Epoch 89/1000
12/12 - 0s - loss: 0.0157 - val_loss: 0.0164 - 50ms/epoch - 4ms/step
Epoch 90/1000
12/12 - 0s - loss: 0.0157 - val_loss: 0.0164 - 50ms/epoch - 4ms/step
Epoch 91/1000
12/12 - 0s - loss: 0.0158 - val_loss: 0.0164 - 48ms/epoch - 4ms/step
Epoch 92/1000
12/12 - 0s - loss: 0.0158 - val_loss: 0.0164 - 48ms/epoch - 4ms/step
Epoch 93/1000
12/12 - 0s - loss: 0.0158 - val_loss: 0.0164 - 47ms/epoch - 4ms/step
Epoch 94/1000
12/12 - 0s - loss: 0.0158 - val_loss: 0.0164 - 48ms/epoch - 4ms/step
Epoch 95/1000
12/12 - 0s - loss: 0.0158 - val_loss: 0.0164 - 50ms/epoch - 4ms/step
Epoch 96/1000
12/12 - 0s - loss: 0.0158 - val_loss: 0.0164 - 50ms/epoch - 4ms/step
Epoch 97/1000
12/12 - 0s - loss: 0.0158 - val_loss: 0.0164 - 51ms/epoch - 4ms/step
Epoch 98/1000
12/12 - 0s - loss: 0.0158 - val_loss: 0.0164 - 49ms/epoch - 4ms/step
Epoch 99/1000
12/12 - 0s - loss: 0.0158 - val_loss: 0.0164 - 50ms/epoch - 4ms/step
Epoch 100/1000
12/12 - 0s - loss: 0.0158 - val_loss: 0.0164 - 51ms/epoch - 4ms/step
Epoch 101/1000
12/12 - 0s - loss: 0.0158 - val_loss: 0.0164 - 55ms/epoch - 5ms/step
Epoch 102/1000
12/12 - 0s - loss: 0.0158 - val_loss: 0.0164 - 47ms/epoch - 4ms/step
Epoch 103/1000
12/12 - 0s - loss: 0.0158 - val_loss: 0.0164 - 46ms/epoch - 4ms/step
Epoch 104/1000
12/12 - 0s - loss: 0.0158 - val_loss: 0.0164 - 47ms/epoch - 4ms/step
Epoch 105/1000
12/12 - 0s - loss: 0.0158 - val_loss: 0.0164 - 55ms/epoch - 5ms/step
Epoch 106/1000
12/12 - 0s - loss: 0.0158 - val_loss: 0.0164 - 47ms/epoch - 4ms/step
Epoch 107/1000
12/12 - 0s - loss: 0.0158 - val_loss: 0.0164 - 51ms/epoch - 4ms/step
Epoch 108/1000
12/12 - 0s - loss: 0.0158 - val_loss: 0.0164 - 47ms/epoch - 4ms/step
Epoch 109/1000
12/12 - 0s - loss: 0.0158 - val_loss: 0.0164 - 46ms/epoch - 4ms/step
Epoch 110/1000
12/12 - 0s - loss: 0.0158 - val_loss: 0.0164 - 47ms/epoch - 4ms/step
Epoch 111/1000
12/12 - 0s - loss: 0.0158 - val_loss: 0.0164 - 49ms/epoch - 4ms/step
Epoch 112/1000
12/12 - 0s - loss: 0.0158 - val_loss: 0.0164 - 46ms/epoch - 4ms/step
Epoch 113/1000
12/12 - 0s - loss: 0.0158 - val_loss: 0.0164 - 46ms/epoch - 4ms/step
Epoch 114/1000
12/12 - 0s - loss: 0.0158 - val_loss: 0.0164 - 48ms/epoch - 4ms/step
Epoch 115/1000
12/12 - 0s - loss: 0.0158 - val_loss: 0.0164 - 46ms/epoch - 4ms/step
Epoch 116/1000
12/12 - 0s - loss: 0.0158 - val_loss: 0.0164 - 48ms/epoch - 4ms/step
Epoch 117/1000
12/12 - 0s - loss: 0.0158 - val_loss: 0.0164 - 46ms/epoch - 4ms/step
Epoch 118/1000
12/12 - 0s - loss: 0.0158 - val_loss: 0.0164 - 53ms/epoch - 4ms/step
Epoch 119/1000
12/12 - 0s - loss: 0.0158 - val_loss: 0.0164 - 49ms/epoch - 4ms/step
Epoch 120/1000
12/12 - 0s - loss: 0.0158 - val_loss: 0.0164 - 47ms/epoch - 4ms/step
Epoch 121/1000
12/12 - 0s - loss: 0.0158 - val_loss: 0.0164 - 47ms/epoch - 4ms/step
Epoch 122/1000
12/12 - 0s - loss: 0.0158 - val_loss: 0.0164 - 50ms/epoch - 4ms/step
Epoch 123/1000
12/12 - 0s - loss: 0.0158 - val_loss: 0.0164 - 48ms/epoch - 4ms/step
Epoch 124/1000
12/12 - 0s - loss: 0.0158 - val_loss: 0.0164 - 45ms/epoch - 4ms/step
Epoch 125/1000
12/12 - 0s - loss: 0.0158 - val_loss: 0.0164 - 47ms/epoch - 4ms/step
Epoch 126/1000
12/12 - 0s - loss: 0.0158 - val_loss: 0.0164 - 49ms/epoch - 4ms/step
Epoch 127/1000
12/12 - 0s - loss: 0.0158 - val_loss: 0.0164 - 50ms/epoch - 4ms/step
Epoch 128/1000
12/12 - 0s - loss: 0.0158 - val_loss: 0.0164 - 49ms/epoch - 4ms/step
Epoch 129/1000
12/12 - 0s - loss: 0.0158 - val_loss: 0.0164 - 48ms/epoch - 4ms/step
Epoch 130/1000
12/12 - 0s - loss: 0.0158 - val_loss: 0.0164 - 46ms/epoch - 4ms/step
Epoch 131/1000
12/12 - 0s - loss: 0.0158 - val_loss: 0.0164 - 46ms/epoch - 4ms/step
Epoch 132/1000
12/12 - 0s - loss: 0.0158 - val_loss: 0.0164 - 45ms/epoch - 4ms/step
Epoch 133/1000
12/12 - 0s - loss: 0.0158 - val_loss: 0.0164 - 45ms/epoch - 4ms/step
Epoch 134/1000
12/12 - 0s - loss: 0.0158 - val_loss: 0.0164 - 45ms/epoch - 4ms/step
Epoch 135/1000
12/12 - 0s - loss: 0.0158 - val_loss: 0.0164 - 46ms/epoch - 4ms/step
Epoch 136/1000
12/12 - 0s - loss: 0.0158 - val_loss: 0.0164 - 47ms/epoch - 4ms/step
Epoch 137/1000
12/12 - 0s - loss: 0.0158 - val_loss: 0.0164 - 45ms/epoch - 4ms/step
Epoch 138/1000
12/12 - 0s - loss: 0.0158 - val_loss: 0.0164 - 43ms/epoch - 4ms/step
Epoch 139/1000
12/12 - 0s - loss: 0.0158 - val_loss: 0.0164 - 45ms/epoch - 4ms/step
Epoch 140/1000
12/12 - 0s - loss: 0.0158 - val_loss: 0.0164 - 47ms/epoch - 4ms/step
Epoch 141/1000
12/12 - 0s - loss: 0.0158 - val_loss: 0.0164 - 46ms/epoch - 4ms/step
Epoch 142/1000
12/12 - 0s - loss: 0.0158 - val_loss: 0.0164 - 48ms/epoch - 4ms/step
Epoch 143/1000
12/12 - 0s - loss: 0.0158 - val_loss: 0.0164 - 47ms/epoch - 4ms/step
Epoch 144/1000
12/12 - 0s - loss: 0.0158 - val_loss: 0.0164 - 48ms/epoch - 4ms/step
Epoch 145/1000
12/12 - 0s - loss: 0.0158 - val_loss: 0.0164 - 48ms/epoch - 4ms/step
Epoch 146/1000
12/12 - 0s - loss: 0.0158 - val_loss: 0.0164 - 47ms/epoch - 4ms/step
Epoch 147/1000
12/12 - 0s - loss: 0.0158 - val_loss: 0.0164 - 47ms/epoch - 4ms/step
Epoch 148/1000
12/12 - 0s - loss: 0.0158 - val_loss: 0.0165 - 45ms/epoch - 4ms/step
Epoch 149/1000
12/12 - 0s - loss: 0.0158 - val_loss: 0.0165 - 47ms/epoch - 4ms/step
Epoch 150/1000
12/12 - 0s - loss: 0.0158 - val_loss: 0.0165 - 47ms/epoch - 4ms/step
Epoch 151/1000
12/12 - 0s - loss: 0.0158 - val_loss: 0.0165 - 47ms/epoch - 4ms/step
Epoch 152/1000
12/12 - 0s - loss: 0.0158 - val_loss: 0.0165 - 50ms/epoch - 4ms/step
Epoch 153/1000
12/12 - 0s - loss: 0.0158 - val_loss: 0.0165 - 46ms/epoch - 4ms/step
Epoch 154/1000
12/12 - 0s - loss: 0.0158 - val_loss: 0.0165 - 49ms/epoch - 4ms/step
Epoch 155/1000
12/12 - 0s - loss: 0.0158 - val_loss: 0.0165 - 45ms/epoch - 4ms/step
Epoch 156/1000
12/12 - 0s - loss: 0.0158 - val_loss: 0.0165 - 47ms/epoch - 4ms/step
Epoch 157/1000
12/12 - 0s - loss: 0.0158 - val_loss: 0.0165 - 51ms/epoch - 4ms/step
Epoch 158/1000
12/12 - 0s - loss: 0.0158 - val_loss: 0.0165 - 46ms/epoch - 4ms/step
Epoch 159/1000
12/12 - 0s - loss: 0.0159 - val_loss: 0.0165 - 45ms/epoch - 4ms/step
Epoch 160/1000
12/12 - 0s - loss: 0.0159 - val_loss: 0.0165 - 44ms/epoch - 4ms/step
Epoch 161/1000
12/12 - 0s - loss: 0.0159 - val_loss: 0.0165 - 47ms/epoch - 4ms/step
Epoch 162/1000
12/12 - 0s - loss: 0.0159 - val_loss: 0.0165 - 46ms/epoch - 4ms/step
Epoch 163/1000
12/12 - 0s - loss: 0.0159 - val_loss: 0.0165 - 48ms/epoch - 4ms/step
Epoch 164/1000
12/12 - 0s - loss: 0.0159 - val_loss: 0.0165 - 48ms/epoch - 4ms/step
Epoch 165/1000
12/12 - 0s - loss: 0.0159 - val_loss: 0.0165 - 48ms/epoch - 4ms/step
Epoch 166/1000
12/12 - 0s - loss: 0.0159 - val_loss: 0.0165 - 47ms/epoch - 4ms/step
Epoch 167/1000
12/12 - 0s - loss: 0.0159 - val_loss: 0.0165 - 46ms/epoch - 4ms/step
Epoch 168/1000
12/12 - 0s - loss: 0.0159 - val_loss: 0.0165 - 48ms/epoch - 4ms/step
Epoch 169/1000
12/12 - 0s - loss: 0.0159 - val_loss: 0.0165 - 47ms/epoch - 4ms/step
Epoch 170/1000
12/12 - 0s - loss: 0.0159 - val_loss: 0.0165 - 46ms/epoch - 4ms/step
Epoch 171/1000
12/12 - 0s - loss: 0.0159 - val_loss: 0.0165 - 45ms/epoch - 4ms/step
Epoch 172/1000
12/12 - 0s - loss: 0.0159 - val_loss: 0.0165 - 48ms/epoch - 4ms/step
Epoch 173/1000
12/12 - 0s - loss: 0.0159 - val_loss: 0.0165 - 47ms/epoch - 4ms/step
Epoch 174/1000
12/12 - 0s - loss: 0.0159 - val_loss: 0.0165 - 46ms/epoch - 4ms/step
Epoch 175/1000
12/12 - 0s - loss: 0.0159 - val_loss: 0.0165 - 48ms/epoch - 4ms/step
Epoch 176/1000
12/12 - 0s - loss: 0.0159 - val_loss: 0.0165 - 47ms/epoch - 4ms/step
Epoch 177/1000
12/12 - 0s - loss: 0.0159 - val_loss: 0.0165 - 46ms/epoch - 4ms/step
Epoch 178/1000
12/12 - 0s - loss: 0.0159 - val_loss: 0.0165 - 46ms/epoch - 4ms/step
Epoch 179/1000
12/12 - 0s - loss: 0.0159 - val_loss: 0.0165 - 50ms/epoch - 4ms/step
Epoch 180/1000
12/12 - 0s - loss: 0.0159 - val_loss: 0.0165 - 47ms/epoch - 4ms/step
Epoch 181/1000
12/12 - 0s - loss: 0.0159 - val_loss: 0.0165 - 44ms/epoch - 4ms/step
Epoch 182/1000
12/12 - 0s - loss: 0.0159 - val_loss: 0.0165 - 47ms/epoch - 4ms/step
Epoch 183/1000
12/12 - 0s - loss: 0.0159 - val_loss: 0.0165 - 47ms/epoch - 4ms/step
Epoch 184/1000
12/12 - 0s - loss: 0.0159 - val_loss: 0.0165 - 49ms/epoch - 4ms/step
Epoch 185/1000
12/12 - 0s - loss: 0.0159 - val_loss: 0.0165 - 48ms/epoch - 4ms/step
Epoch 186/1000
12/12 - 0s - loss: 0.0159 - val_loss: 0.0165 - 50ms/epoch - 4ms/step
Epoch 187/1000
12/12 - 0s - loss: 0.0159 - val_loss: 0.0165 - 47ms/epoch - 4ms/step
Epoch 188/1000
12/12 - 0s - loss: 0.0159 - val_loss: 0.0165 - 52ms/epoch - 4ms/step
Epoch 189/1000
12/12 - 0s - loss: 0.0159 - val_loss: 0.0165 - 45ms/epoch - 4ms/step
Epoch 190/1000
12/12 - 0s - loss: 0.0159 - val_loss: 0.0165 - 53ms/epoch - 4ms/step
Epoch 191/1000
12/12 - 0s - loss: 0.0159 - val_loss: 0.0165 - 45ms/epoch - 4ms/step
Epoch 192/1000
12/12 - 0s - loss: 0.0159 - val_loss: 0.0165 - 50ms/epoch - 4ms/step
Epoch 193/1000
12/12 - 0s - loss: 0.0159 - val_loss: 0.0165 - 44ms/epoch - 4ms/step
Epoch 194/1000
12/12 - 0s - loss: 0.0159 - val_loss: 0.0165 - 45ms/epoch - 4ms/step
Epoch 195/1000
12/12 - 0s - loss: 0.0159 - val_loss: 0.0165 - 47ms/epoch - 4ms/step
Epoch 196/1000
12/12 - 0s - loss: 0.0159 - val_loss: 0.0165 - 44ms/epoch - 4ms/step
Epoch 197/1000
12/12 - 0s - loss: 0.0159 - val_loss: 0.0165 - 46ms/epoch - 4ms/step
Epoch 198/1000
12/12 - 0s - loss: 0.0159 - val_loss: 0.0165 - 45ms/epoch - 4ms/step
Epoch 199/1000
12/12 - 0s - loss: 0.0159 - val_loss: 0.0165 - 46ms/epoch - 4ms/step
Epoch 200/1000
12/12 - 0s - loss: 0.0159 - val_loss: 0.0165 - 46ms/epoch - 4ms/step
Epoch 201/1000
12/12 - 0s - loss: 0.0159 - val_loss: 0.0165 - 46ms/epoch - 4ms/step
Epoch 202/1000
12/12 - 0s - loss: 0.0159 - val_loss: 0.0165 - 44ms/epoch - 4ms/step
Epoch 203/1000
12/12 - 0s - loss: 0.0159 - val_loss: 0.0165 - 47ms/epoch - 4ms/step
Epoch 204/1000
12/12 - 0s - loss: 0.0159 - val_loss: 0.0165 - 45ms/epoch - 4ms/step
Epoch 205/1000
12/12 - 0s - loss: 0.0159 - val_loss: 0.0165 - 45ms/epoch - 4ms/step
Epoch 206/1000
12/12 - 0s - loss: 0.0159 - val_loss: 0.0165 - 48ms/epoch - 4ms/step
Epoch 207/1000
12/12 - 0s - loss: 0.0159 - val_loss: 0.0165 - 47ms/epoch - 4ms/step
Epoch 208/1000
12/12 - 0s - loss: 0.0159 - val_loss: 0.0165 - 47ms/epoch - 4ms/step
Epoch 209/1000
12/12 - 0s - loss: 0.0159 - val_loss: 0.0165 - 51ms/epoch - 4ms/step
Epoch 210/1000
12/12 - 0s - loss: 0.0159 - val_loss: 0.0165 - 46ms/epoch - 4ms/step
Epoch 211/1000
12/12 - 0s - loss: 0.0159 - val_loss: 0.0165 - 47ms/epoch - 4ms/step
Epoch 212/1000
12/12 - 0s - loss: 0.0159 - val_loss: 0.0165 - 46ms/epoch - 4ms/step
Epoch 213/1000
12/12 - 0s - loss: 0.0159 - val_loss: 0.0165 - 49ms/epoch - 4ms/step
Epoch 214/1000
12/12 - 0s - loss: 0.0159 - val_loss: 0.0165 - 47ms/epoch - 4ms/step
Epoch 215/1000
12/12 - 0s - loss: 0.0159 - val_loss: 0.0165 - 46ms/epoch - 4ms/step
Epoch 216/1000
12/12 - 0s - loss: 0.0159 - val_loss: 0.0165 - 47ms/epoch - 4ms/step
Epoch 217/1000
12/12 - 0s - loss: 0.0159 - val_loss: 0.0165 - 47ms/epoch - 4ms/step
Epoch 218/1000
12/12 - 0s - loss: 0.0159 - val_loss: 0.0165 - 47ms/epoch - 4ms/step
Epoch 219/1000
12/12 - 0s - loss: 0.0159 - val_loss: 0.0165 - 51ms/epoch - 4ms/step
Epoch 220/1000
12/12 - 0s - loss: 0.0159 - val_loss: 0.0165 - 45ms/epoch - 4ms/step
Epoch 221/1000
12/12 - 0s - loss: 0.0159 - val_loss: 0.0165 - 46ms/epoch - 4ms/step
Epoch 222/1000
12/12 - 0s - loss: 0.0159 - val_loss: 0.0165 - 45ms/epoch - 4ms/step
Epoch 223/1000
12/12 - 0s - loss: 0.0160 - val_loss: 0.0165 - 46ms/epoch - 4ms/step
Epoch 224/1000
12/12 - 0s - loss: 0.0160 - val_loss: 0.0165 - 46ms/epoch - 4ms/step
Epoch 225/1000
12/12 - 0s - loss: 0.0160 - val_loss: 0.0165 - 50ms/epoch - 4ms/step
Epoch 226/1000
12/12 - 0s - loss: 0.0160 - val_loss: 0.0165 - 45ms/epoch - 4ms/step
Epoch 227/1000
12/12 - 0s - loss: 0.0160 - val_loss: 0.0165 - 47ms/epoch - 4ms/step
Epoch 228/1000
12/12 - 0s - loss: 0.0160 - val_loss: 0.0165 - 47ms/epoch - 4ms/step
Epoch 229/1000
12/12 - 0s - loss: 0.0160 - val_loss: 0.0165 - 47ms/epoch - 4ms/step
Epoch 230/1000
12/12 - 0s - loss: 0.0160 - val_loss: 0.0165 - 47ms/epoch - 4ms/step
Epoch 231/1000
12/12 - 0s - loss: 0.0160 - val_loss: 0.0165 - 47ms/epoch - 4ms/step
Epoch 232/1000
12/12 - 0s - loss: 0.0160 - val_loss: 0.0165 - 45ms/epoch - 4ms/step
Epoch 233/1000
12/12 - 0s - loss: 0.0160 - val_loss: 0.0165 - 51ms/epoch - 4ms/step
Epoch 234/1000
12/12 - 0s - loss: 0.0160 - val_loss: 0.0165 - 48ms/epoch - 4ms/step
Epoch 235/1000
12/12 - 0s - loss: 0.0160 - val_loss: 0.0165 - 48ms/epoch - 4ms/step
Epoch 236/1000
12/12 - 0s - loss: 0.0160 - val_loss: 0.0165 - 45ms/epoch - 4ms/step
Epoch 237/1000
12/12 - 0s - loss: 0.0160 - val_loss: 0.0165 - 53ms/epoch - 4ms/step
Epoch 238/1000
12/12 - 0s - loss: 0.0160 - val_loss: 0.0165 - 45ms/epoch - 4ms/step
Epoch 239/1000
12/12 - 0s - loss: 0.0160 - val_loss: 0.0165 - 47ms/epoch - 4ms/step
Epoch 240/1000
12/12 - 0s - loss: 0.0160 - val_loss: 0.0165 - 46ms/epoch - 4ms/step
Epoch 241/1000
12/12 - 0s - loss: 0.0160 - val_loss: 0.0165 - 45ms/epoch - 4ms/step
Epoch 242/1000
12/12 - 0s - loss: 0.0160 - val_loss: 0.0165 - 49ms/epoch - 4ms/step
Epoch 243/1000
12/12 - 0s - loss: 0.0160 - val_loss: 0.0165 - 46ms/epoch - 4ms/step
Epoch 244/1000
12/12 - 0s - loss: 0.0160 - val_loss: 0.0165 - 53ms/epoch - 4ms/step
Epoch 245/1000
12/12 - 0s - loss: 0.0160 - val_loss: 0.0165 - 46ms/epoch - 4ms/step
Epoch 246/1000
12/12 - 0s - loss: 0.0160 - val_loss: 0.0165 - 50ms/epoch - 4ms/step
Epoch 247/1000
12/12 - 0s - loss: 0.0160 - val_loss: 0.0165 - 47ms/epoch - 4ms/step
Epoch 248/1000
12/12 - 0s - loss: 0.0160 - val_loss: 0.0165 - 45ms/epoch - 4ms/step
Epoch 249/1000
12/12 - 0s - loss: 0.0160 - val_loss: 0.0165 - 47ms/epoch - 4ms/step
Epoch 250/1000
12/12 - 0s - loss: 0.0160 - val_loss: 0.0165 - 46ms/epoch - 4ms/step
Epoch 251/1000
12/12 - 0s - loss: 0.0160 - val_loss: 0.0165 - 45ms/epoch - 4ms/step
Epoch 252/1000
12/12 - 0s - loss: 0.0160 - val_loss: 0.0165 - 46ms/epoch - 4ms/step
Epoch 253/1000
12/12 - 0s - loss: 0.0160 - val_loss: 0.0165 - 45ms/epoch - 4ms/step
Epoch 254/1000
12/12 - 0s - loss: 0.0160 - val_loss: 0.0165 - 49ms/epoch - 4ms/step
Epoch 255/1000
12/12 - 0s - loss: 0.0160 - val_loss: 0.0165 - 48ms/epoch - 4ms/step
Epoch 256/1000
12/12 - 0s - loss: 0.0160 - val_loss: 0.0165 - 46ms/epoch - 4ms/step
Epoch 257/1000
12/12 - 0s - loss: 0.0160 - val_loss: 0.0165 - 47ms/epoch - 4ms/step
Epoch 258/1000
12/12 - 0s - loss: 0.0160 - val_loss: 0.0165 - 46ms/epoch - 4ms/step
Epoch 259/1000
12/12 - 0s - loss: 0.0160 - val_loss: 0.0165 - 49ms/epoch - 4ms/step
Epoch 260/1000
12/12 - 0s - loss: 0.0160 - val_loss: 0.0165 - 45ms/epoch - 4ms/step
Epoch 261/1000
12/12 - 0s - loss: 0.0160 - val_loss: 0.0165 - 50ms/epoch - 4ms/step
Epoch 262/1000
12/12 - 0s - loss: 0.0160 - val_loss: 0.0165 - 47ms/epoch - 4ms/step
Epoch 263/1000
12/12 - 0s - loss: 0.0160 - val_loss: 0.0165 - 44ms/epoch - 4ms/step
Epoch 264/1000
12/12 - 0s - loss: 0.0160 - val_loss: 0.0165 - 50ms/epoch - 4ms/step
Epoch 265/1000
12/12 - 0s - loss: 0.0160 - val_loss: 0.0165 - 46ms/epoch - 4ms/step
Epoch 266/1000
12/12 - 0s - loss: 0.0160 - val_loss: 0.0165 - 52ms/epoch - 4ms/step
Epoch 267/1000
12/12 - 0s - loss: 0.0160 - val_loss: 0.0165 - 46ms/epoch - 4ms/step
Epoch 268/1000
12/12 - 0s - loss: 0.0160 - val_loss: 0.0165 - 49ms/epoch - 4ms/step
Epoch 269/1000
12/12 - 0s - loss: 0.0160 - val_loss: 0.0165 - 47ms/epoch - 4ms/step
Epoch 270/1000
12/12 - 0s - loss: 0.0161 - val_loss: 0.0165 - 46ms/epoch - 4ms/step
Epoch 271/1000
12/12 - 0s - loss: 0.0161 - val_loss: 0.0165 - 49ms/epoch - 4ms/step
Epoch 272/1000
12/12 - 0s - loss: 0.0161 - val_loss: 0.0165 - 45ms/epoch - 4ms/step
Epoch 273/1000
12/12 - 0s - loss: 0.0161 - val_loss: 0.0165 - 47ms/epoch - 4ms/step
Epoch 274/1000
12/12 - 0s - loss: 0.0161 - val_loss: 0.0165 - 46ms/epoch - 4ms/step
Epoch 275/1000
12/12 - 0s - loss: 0.0161 - val_loss: 0.0165 - 51ms/epoch - 4ms/step
Epoch 276/1000
12/12 - 0s - loss: 0.0161 - val_loss: 0.0165 - 46ms/epoch - 4ms/step
Epoch 277/1000
12/12 - 0s - loss: 0.0161 - val_loss: 0.0165 - 51ms/epoch - 4ms/step
Epoch 278/1000
12/12 - 0s - loss: 0.0161 - val_loss: 0.0165 - 46ms/epoch - 4ms/step
Epoch 279/1000
12/12 - 0s - loss: 0.0161 - val_loss: 0.0165 - 51ms/epoch - 4ms/step
Epoch 280/1000
12/12 - 0s - loss: 0.0161 - val_loss: 0.0165 - 48ms/epoch - 4ms/step
Epoch 281/1000
12/12 - 0s - loss: 0.0161 - val_loss: 0.0165 - 51ms/epoch - 4ms/step
Epoch 282/1000
12/12 - 0s - loss: 0.0161 - val_loss: 0.0165 - 49ms/epoch - 4ms/step
Epoch 283/1000
12/12 - 0s - loss: 0.0161 - val_loss: 0.0165 - 47ms/epoch - 4ms/step
Epoch 284/1000
12/12 - 0s - loss: 0.0161 - val_loss: 0.0165 - 47ms/epoch - 4ms/step
Epoch 285/1000
12/12 - 0s - loss: 0.0161 - val_loss: 0.0165 - 51ms/epoch - 4ms/step
Epoch 286/1000
12/12 - 0s - loss: 0.0161 - val_loss: 0.0165 - 44ms/epoch - 4ms/step
Epoch 287/1000
12/12 - 0s - loss: 0.0161 - val_loss: 0.0165 - 46ms/epoch - 4ms/step
Epoch 288/1000
12/12 - 0s - loss: 0.0161 - val_loss: 0.0165 - 46ms/epoch - 4ms/step
Epoch 289/1000
12/12 - 0s - loss: 0.0161 - val_loss: 0.0165 - 46ms/epoch - 4ms/step
Epoch 290/1000
12/12 - 0s - loss: 0.0161 - val_loss: 0.0165 - 46ms/epoch - 4ms/step
Epoch 291/1000
12/12 - 0s - loss: 0.0161 - val_loss: 0.0165 - 45ms/epoch - 4ms/step
Epoch 292/1000
12/12 - 0s - loss: 0.0161 - val_loss: 0.0165 - 49ms/epoch - 4ms/step
Epoch 293/1000
12/12 - 0s - loss: 0.0161 - val_loss: 0.0165 - 52ms/epoch - 4ms/step
Epoch 294/1000
12/12 - 0s - loss: 0.0161 - val_loss: 0.0165 - 46ms/epoch - 4ms/step
Epoch 295/1000
12/12 - 0s - loss: 0.0161 - val_loss: 0.0165 - 50ms/epoch - 4ms/step
Epoch 296/1000
12/12 - 0s - loss: 0.0161 - val_loss: 0.0165 - 49ms/epoch - 4ms/step
Epoch 297/1000
12/12 - 0s - loss: 0.0161 - val_loss: 0.0165 - 47ms/epoch - 4ms/step
Epoch 298/1000
12/12 - 0s - loss: 0.0161 - val_loss: 0.0165 - 46ms/epoch - 4ms/step
Epoch 299/1000
12/12 - 0s - loss: 0.0161 - val_loss: 0.0165 - 48ms/epoch - 4ms/step
Epoch 300/1000
12/12 - 0s - loss: 0.0161 - val_loss: 0.0165 - 44ms/epoch - 4ms/step
Epoch 301/1000
12/12 - 0s - loss: 0.0161 - val_loss: 0.0165 - 48ms/epoch - 4ms/step
Epoch 302/1000
12/12 - 0s - loss: 0.0161 - val_loss: 0.0165 - 46ms/epoch - 4ms/step
Epoch 303/1000
12/12 - 0s - loss: 0.0162 - val_loss: 0.0165 - 46ms/epoch - 4ms/step
Epoch 304/1000
12/12 - 0s - loss: 0.0162 - val_loss: 0.0165 - 45ms/epoch - 4ms/step
Epoch 305/1000
12/12 - 0s - loss: 0.0162 - val_loss: 0.0165 - 47ms/epoch - 4ms/step
Epoch 306/1000
12/12 - 0s - loss: 0.0162 - val_loss: 0.0165 - 46ms/epoch - 4ms/step
Epoch 307/1000
12/12 - 0s - loss: 0.0162 - val_loss: 0.0165 - 44ms/epoch - 4ms/step
Epoch 308/1000
12/12 - 0s - loss: 0.0162 - val_loss: 0.0165 - 46ms/epoch - 4ms/step
Epoch 309/1000
12/12 - 0s - loss: 0.0163 - val_loss: 0.0164 - 47ms/epoch - 4ms/step
Epoch 310/1000
12/12 - 0s - loss: 0.0172 - val_loss: 0.0170 - 44ms/epoch - 4ms/step
Epoch 311/1000
12/12 - 0s - loss: 0.0221 - val_loss: 0.0208 - 50ms/epoch - 4ms/step
Epoch 312/1000
12/12 - 0s - loss: 0.0157 - val_loss: 0.0168 - 45ms/epoch - 4ms/step
Epoch 313/1000
12/12 - 0s - loss: 0.0175 - val_loss: 0.0168 - 46ms/epoch - 4ms/step
Epoch 314/1000
12/12 - 0s - loss: 0.0174 - val_loss: 0.0174 - 47ms/epoch - 4ms/step
Epoch 315/1000
12/12 - 0s - loss: 0.0161 - val_loss: 0.0165 - 46ms/epoch - 4ms/step
Epoch 316/1000
12/12 - 0s - loss: 0.0162 - val_loss: 0.0165 - 46ms/epoch - 4ms/step
Epoch 317/1000
12/12 - 0s - loss: 0.0163 - val_loss: 0.0167 - 46ms/epoch - 4ms/step
Epoch 318/1000
12/12 - 0s - loss: 0.0161 - val_loss: 0.0165 - 45ms/epoch - 4ms/step
Epoch 319/1000
12/12 - 0s - loss: 0.0161 - val_loss: 0.0166 - 45ms/epoch - 4ms/step
Epoch 320/1000
12/12 - 0s - loss: 0.0162 - val_loss: 0.0166 - 46ms/epoch - 4ms/step
Epoch 321/1000
12/12 - 0s - loss: 0.0162 - val_loss: 0.0166 - 46ms/epoch - 4ms/step
Epoch 322/1000
12/12 - 0s - loss: 0.0162 - val_loss: 0.0166 - 47ms/epoch - 4ms/step
Epoch 323/1000
12/12 - 0s - loss: 0.0162 - val_loss: 0.0166 - 47ms/epoch - 4ms/step
Epoch 324/1000
12/12 - 0s - loss: 0.0162 - val_loss: 0.0166 - 46ms/epoch - 4ms/step
Epoch 325/1000
12/12 - 0s - loss: 0.0162 - val_loss: 0.0166 - 48ms/epoch - 4ms/step
Epoch 326/1000
12/12 - 0s - loss: 0.0162 - val_loss: 0.0166 - 47ms/epoch - 4ms/step
Epoch 327/1000
12/12 - 0s - loss: 0.0162 - val_loss: 0.0166 - 49ms/epoch - 4ms/step
Epoch 328/1000
12/12 - 0s - loss: 0.0162 - val_loss: 0.0166 - 45ms/epoch - 4ms/step
Epoch 329/1000
12/12 - 0s - loss: 0.0162 - val_loss: 0.0166 - 46ms/epoch - 4ms/step
Epoch 330/1000
12/12 - 0s - loss: 0.0162 - val_loss: 0.0166 - 51ms/epoch - 4ms/step
Epoch 331/1000
12/12 - 0s - loss: 0.0162 - val_loss: 0.0166 - 46ms/epoch - 4ms/step
Epoch 332/1000
12/12 - 0s - loss: 0.0162 - val_loss: 0.0166 - 46ms/epoch - 4ms/step
Epoch 333/1000
12/12 - 0s - loss: 0.0162 - val_loss: 0.0166 - 47ms/epoch - 4ms/step
Epoch 334/1000
12/12 - 0s - loss: 0.0162 - val_loss: 0.0166 - 49ms/epoch - 4ms/step
Epoch 335/1000
12/12 - 0s - loss: 0.0162 - val_loss: 0.0166 - 45ms/epoch - 4ms/step
Epoch 336/1000
12/12 - 0s - loss: 0.0162 - val_loss: 0.0166 - 47ms/epoch - 4ms/step
Epoch 337/1000
12/12 - 0s - loss: 0.0162 - val_loss: 0.0166 - 51ms/epoch - 4ms/step
Epoch 338/1000
12/12 - 0s - loss: 0.0163 - val_loss: 0.0166 - 48ms/epoch - 4ms/step
Epoch 339/1000
12/12 - 0s - loss: 0.0163 - val_loss: 0.0166 - 47ms/epoch - 4ms/step
Epoch 340/1000
12/12 - 0s - loss: 0.0163 - val_loss: 0.0166 - 45ms/epoch - 4ms/step
Epoch 341/1000
12/12 - 0s - loss: 0.0163 - val_loss: 0.0166 - 47ms/epoch - 4ms/step
Epoch 342/1000
12/12 - 0s - loss: 0.0163 - val_loss: 0.0166 - 50ms/epoch - 4ms/step
Epoch 343/1000
12/12 - 0s - loss: 0.0163 - val_loss: 0.0166 - 47ms/epoch - 4ms/step
Epoch 344/1000
12/12 - 0s - loss: 0.0163 - val_loss: 0.0166 - 43ms/epoch - 4ms/step
Epoch 345/1000
12/12 - 0s - loss: 0.0163 - val_loss: 0.0166 - 46ms/epoch - 4ms/step
Epoch 346/1000
12/12 - 0s - loss: 0.0163 - val_loss: 0.0166 - 47ms/epoch - 4ms/step
Epoch 347/1000
12/12 - 0s - loss: 0.0163 - val_loss: 0.0166 - 47ms/epoch - 4ms/step
Epoch 348/1000
12/12 - 0s - loss: 0.0163 - val_loss: 0.0166 - 50ms/epoch - 4ms/step
Epoch 349/1000
12/12 - 0s - loss: 0.0163 - val_loss: 0.0166 - 45ms/epoch - 4ms/step
Epoch 350/1000
12/12 - 0s - loss: 0.0163 - val_loss: 0.0166 - 46ms/epoch - 4ms/step
Epoch 351/1000
12/12 - 0s - loss: 0.0163 - val_loss: 0.0166 - 44ms/epoch - 4ms/step
Epoch 352/1000
12/12 - 0s - loss: 0.0163 - val_loss: 0.0166 - 46ms/epoch - 4ms/step
Epoch 353/1000
12/12 - 0s - loss: 0.0164 - val_loss: 0.0166 - 46ms/epoch - 4ms/step
Epoch 354/1000
12/12 - 0s - loss: 0.0164 - val_loss: 0.0166 - 45ms/epoch - 4ms/step
Epoch 355/1000
12/12 - 0s - loss: 0.0164 - val_loss: 0.0166 - 44ms/epoch - 4ms/step
Epoch 356/1000
12/12 - 0s - loss: 0.0164 - val_loss: 0.0166 - 47ms/epoch - 4ms/step
Epoch 357/1000
12/12 - 0s - loss: 0.0164 - val_loss: 0.0166 - 47ms/epoch - 4ms/step
Epoch 358/1000
12/12 - 0s - loss: 0.0164 - val_loss: 0.0166 - 47ms/epoch - 4ms/step
Epoch 359/1000
12/12 - 0s - loss: 0.0164 - val_loss: 0.0166 - 46ms/epoch - 4ms/step
Epoch 360/1000
12/12 - 0s - loss: 0.0164 - val_loss: 0.0166 - 46ms/epoch - 4ms/step
Epoch 361/1000
12/12 - 0s - loss: 0.0164 - val_loss: 0.0166 - 46ms/epoch - 4ms/step
Epoch 362/1000
12/12 - 0s - loss: 0.0164 - val_loss: 0.0167 - 46ms/epoch - 4ms/step
Epoch 363/1000
12/12 - 0s - loss: 0.0164 - val_loss: 0.0167 - 48ms/epoch - 4ms/step
Epoch 364/1000
12/12 - 0s - loss: 0.0164 - val_loss: 0.0167 - 45ms/epoch - 4ms/step
Epoch 365/1000
12/12 - 0s - loss: 0.0164 - val_loss: 0.0167 - 48ms/epoch - 4ms/step
Epoch 366/1000
12/12 - 0s - loss: 0.0164 - val_loss: 0.0167 - 45ms/epoch - 4ms/step
Epoch 367/1000
12/12 - 0s - loss: 0.0164 - val_loss: 0.0167 - 48ms/epoch - 4ms/step
Epoch 368/1000
12/12 - 0s - loss: 0.0165 - val_loss: 0.0167 - 44ms/epoch - 4ms/step
Epoch 369/1000
12/12 - 0s - loss: 0.0165 - val_loss: 0.0167 - 46ms/epoch - 4ms/step
Epoch 370/1000
12/12 - 0s - loss: 0.0165 - val_loss: 0.0167 - 45ms/epoch - 4ms/step
Epoch 371/1000
12/12 - 0s - loss: 0.0165 - val_loss: 0.0167 - 47ms/epoch - 4ms/step
Epoch 372/1000
12/12 - 0s - loss: 0.0165 - val_loss: 0.0167 - 47ms/epoch - 4ms/step
Epoch 373/1000
12/12 - 0s - loss: 0.0165 - val_loss: 0.0167 - 44ms/epoch - 4ms/step
Epoch 374/1000
12/12 - 0s - loss: 0.0165 - val_loss: 0.0167 - 48ms/epoch - 4ms/step
Epoch 375/1000
12/12 - 0s - loss: 0.0165 - val_loss: 0.0167 - 45ms/epoch - 4ms/step
Epoch 376/1000
12/12 - 0s - loss: 0.0165 - val_loss: 0.0167 - 46ms/epoch - 4ms/step
Epoch 377/1000
12/12 - 0s - loss: 0.0165 - val_loss: 0.0167 - 46ms/epoch - 4ms/step
Epoch 378/1000
12/12 - 0s - loss: 0.0165 - val_loss: 0.0167 - 45ms/epoch - 4ms/step
Epoch 379/1000
12/12 - 0s - loss: 0.0165 - val_loss: 0.0167 - 48ms/epoch - 4ms/step
Epoch 380/1000
12/12 - 0s - loss: 0.0165 - val_loss: 0.0167 - 48ms/epoch - 4ms/step
Epoch 381/1000
12/12 - 0s - loss: 0.0165 - val_loss: 0.0167 - 48ms/epoch - 4ms/step
Epoch 382/1000
12/12 - 0s - loss: 0.0165 - val_loss: 0.0167 - 47ms/epoch - 4ms/step
Epoch 383/1000
12/12 - 0s - loss: 0.0166 - val_loss: 0.0167 - 47ms/epoch - 4ms/step
Epoch 384/1000
12/12 - 0s - loss: 0.0166 - val_loss: 0.0167 - 45ms/epoch - 4ms/step
Epoch 385/1000
12/12 - 0s - loss: 0.0166 - val_loss: 0.0167 - 48ms/epoch - 4ms/step
Epoch 386/1000
12/12 - 0s - loss: 0.0166 - val_loss: 0.0167 - 46ms/epoch - 4ms/step
Epoch 387/1000
12/12 - 0s - loss: 0.0166 - val_loss: 0.0167 - 46ms/epoch - 4ms/step
Epoch 388/1000
12/12 - 0s - loss: 0.0166 - val_loss: 0.0167 - 44ms/epoch - 4ms/step
Epoch 389/1000
12/12 - 0s - loss: 0.0166 - val_loss: 0.0167 - 46ms/epoch - 4ms/step
Epoch 390/1000
12/12 - 0s - loss: 0.0166 - val_loss: 0.0167 - 47ms/epoch - 4ms/step
Epoch 391/1000
12/12 - 0s - loss: 0.0166 - val_loss: 0.0167 - 44ms/epoch - 4ms/step
Epoch 392/1000
12/12 - 0s - loss: 0.0166 - val_loss: 0.0167 - 47ms/epoch - 4ms/step
Epoch 393/1000
12/12 - 0s - loss: 0.0166 - val_loss: 0.0167 - 48ms/epoch - 4ms/step
Epoch 394/1000
12/12 - 0s - loss: 0.0166 - val_loss: 0.0167 - 45ms/epoch - 4ms/step
Epoch 395/1000
12/12 - 0s - loss: 0.0166 - val_loss: 0.0167 - 46ms/epoch - 4ms/step
Epoch 396/1000
12/12 - 0s - loss: 0.0166 - val_loss: 0.0167 - 43ms/epoch - 4ms/step
Epoch 397/1000
12/12 - 0s - loss: 0.0167 - val_loss: 0.0167 - 46ms/epoch - 4ms/step
Epoch 398/1000
12/12 - 0s - loss: 0.0167 - val_loss: 0.0167 - 45ms/epoch - 4ms/step
Epoch 399/1000
12/12 - 0s - loss: 0.0167 - val_loss: 0.0167 - 46ms/epoch - 4ms/step
Epoch 400/1000
12/12 - 0s - loss: 0.0167 - val_loss: 0.0167 - 46ms/epoch - 4ms/step
Epoch 401/1000
12/12 - 0s - loss: 0.0167 - val_loss: 0.0167 - 45ms/epoch - 4ms/step
Epoch 402/1000
12/12 - 0s - loss: 0.0167 - val_loss: 0.0167 - 45ms/epoch - 4ms/step
Epoch 403/1000
12/12 - 0s - loss: 0.0167 - val_loss: 0.0168 - 46ms/epoch - 4ms/step
Epoch 404/1000
12/12 - 0s - loss: 0.0167 - val_loss: 0.0168 - 46ms/epoch - 4ms/step
Epoch 405/1000
12/12 - 0s - loss: 0.0167 - val_loss: 0.0168 - 46ms/epoch - 4ms/step
Epoch 406/1000
12/12 - 0s - loss: 0.0167 - val_loss: 0.0168 - 45ms/epoch - 4ms/step
Epoch 407/1000
12/12 - 0s - loss: 0.0167 - val_loss: 0.0168 - 45ms/epoch - 4ms/step
Epoch 408/1000
12/12 - 0s - loss: 0.0167 - val_loss: 0.0168 - 46ms/epoch - 4ms/step
Epoch 409/1000
12/12 - 0s - loss: 0.0167 - val_loss: 0.0168 - 45ms/epoch - 4ms/step
Epoch 410/1000
12/12 - 0s - loss: 0.0167 - val_loss: 0.0168 - 46ms/epoch - 4ms/step
Epoch 411/1000
12/12 - 0s - loss: 0.0167 - val_loss: 0.0168 - 46ms/epoch - 4ms/step
Epoch 412/1000
12/12 - 0s - loss: 0.0168 - val_loss: 0.0168 - 45ms/epoch - 4ms/step
Epoch 413/1000
12/12 - 0s - loss: 0.0168 - val_loss: 0.0168 - 47ms/epoch - 4ms/step
Epoch 414/1000
12/12 - 0s - loss: 0.0168 - val_loss: 0.0168 - 46ms/epoch - 4ms/step
Epoch 415/1000
12/12 - 0s - loss: 0.0168 - val_loss: 0.0168 - 44ms/epoch - 4ms/step
Epoch 416/1000
12/12 - 0s - loss: 0.0168 - val_loss: 0.0168 - 45ms/epoch - 4ms/step
Epoch 417/1000
12/12 - 0s - loss: 0.0168 - val_loss: 0.0168 - 45ms/epoch - 4ms/step
Epoch 418/1000
12/12 - 0s - loss: 0.0168 - val_loss: 0.0168 - 47ms/epoch - 4ms/step
Epoch 419/1000
12/12 - 0s - loss: 0.0168 - val_loss: 0.0168 - 48ms/epoch - 4ms/step
Epoch 420/1000
12/12 - 0s - loss: 0.0168 - val_loss: 0.0168 - 47ms/epoch - 4ms/step
Epoch 421/1000
12/12 - 0s - loss: 0.0168 - val_loss: 0.0168 - 46ms/epoch - 4ms/step
Epoch 422/1000
12/12 - 0s - loss: 0.0168 - val_loss: 0.0168 - 47ms/epoch - 4ms/step
Epoch 423/1000
12/12 - 0s - loss: 0.0168 - val_loss: 0.0168 - 50ms/epoch - 4ms/step
Epoch 424/1000
12/12 - 0s - loss: 0.0168 - val_loss: 0.0168 - 49ms/epoch - 4ms/step
Epoch 425/1000
12/12 - 0s - loss: 0.0168 - val_loss: 0.0168 - 51ms/epoch - 4ms/step
Epoch 426/1000
12/12 - 0s - loss: 0.0168 - val_loss: 0.0168 - 46ms/epoch - 4ms/step
Epoch 427/1000
12/12 - 0s - loss: 0.0168 - val_loss: 0.0168 - 50ms/epoch - 4ms/step
Epoch 428/1000
12/12 - 0s - loss: 0.0169 - val_loss: 0.0168 - 44ms/epoch - 4ms/step
Epoch 429/1000
12/12 - 0s - loss: 0.0169 - val_loss: 0.0168 - 46ms/epoch - 4ms/step
Epoch 430/1000
12/12 - 0s - loss: 0.0171 - val_loss: 0.0167 - 47ms/epoch - 4ms/step
Epoch 431/1000
12/12 - 0s - loss: 0.0179 - val_loss: 0.0165 - 45ms/epoch - 4ms/step
Epoch 432/1000
12/12 - 0s - loss: 0.0185 - val_loss: 0.0170 - 46ms/epoch - 4ms/step
Epoch 433/1000
12/12 - 0s - loss: 0.0214 - val_loss: 0.0175 - 45ms/epoch - 4ms/step
Epoch 434/1000
12/12 - 0s - loss: 0.0207 - val_loss: 0.0228 - 45ms/epoch - 4ms/step
Epoch 435/1000
12/12 - 0s - loss: 0.0289 - val_loss: 0.0347 - 45ms/epoch - 4ms/step
Epoch 436/1000
12/12 - 0s - loss: 0.0440 - val_loss: 0.0376 - 47ms/epoch - 4ms/step
Epoch 437/1000
12/12 - 0s - loss: 0.0336 - val_loss: 0.0181 - 45ms/epoch - 4ms/step
Epoch 438/1000
12/12 - 0s - loss: 0.0331 - val_loss: 0.0374 - 46ms/epoch - 4ms/step
Epoch 439/1000
12/12 - 0s - loss: 0.0304 - val_loss: 0.0202 - 47ms/epoch - 4ms/step
Epoch 440/1000
12/12 - 0s - loss: 0.0208 - val_loss: 0.0167 - 46ms/epoch - 4ms/step
Epoch 441/1000
12/12 - 0s - loss: 0.0169 - val_loss: 0.0187 - 48ms/epoch - 4ms/step
Epoch 442/1000
12/12 - 0s - loss: 0.0199 - val_loss: 0.0204 - 51ms/epoch - 4ms/step
Epoch 443/1000
12/12 - 0s - loss: 0.0224 - val_loss: 0.0207 - 47ms/epoch - 4ms/step
Epoch 444/1000
12/12 - 0s - loss: 0.0220 - val_loss: 0.0266 - 46ms/epoch - 4ms/step
Epoch 445/1000
12/12 - 0s - loss: 0.0238 - val_loss: 0.0250 - 46ms/epoch - 4ms/step
Epoch 446/1000
12/12 - 0s - loss: 0.0219 - val_loss: 0.0217 - 47ms/epoch - 4ms/step
Epoch 447/1000
12/12 - 0s - loss: 0.0238 - val_loss: 0.0219 - 46ms/epoch - 4ms/step
Epoch 448/1000
12/12 - 0s - loss: 0.0237 - val_loss: 0.0227 - 48ms/epoch - 4ms/step
Epoch 449/1000
12/12 - 0s - loss: 0.0237 - val_loss: 0.0231 - 47ms/epoch - 4ms/step
Epoch 450/1000
12/12 - 0s - loss: 0.0231 - val_loss: 0.0227 - 47ms/epoch - 4ms/step
Epoch 451/1000
12/12 - 0s - loss: 0.0225 - val_loss: 0.0195 - 48ms/epoch - 4ms/step
Epoch 452/1000
12/12 - 0s - loss: 0.0238 - val_loss: 0.0203 - 46ms/epoch - 4ms/step
Epoch 453/1000
12/12 - 0s - loss: 0.0210 - val_loss: 0.0176 - 46ms/epoch - 4ms/step
Epoch 454/1000
12/12 - 0s - loss: 0.0186 - val_loss: 0.0185 - 46ms/epoch - 4ms/step
Epoch 455/1000
12/12 - 0s - loss: 0.0171 - val_loss: 0.0171 - 45ms/epoch - 4ms/step
Epoch 456/1000
12/12 - 0s - loss: 0.0162 - val_loss: 0.0169 - 46ms/epoch - 4ms/step
Epoch 457/1000
12/12 - 0s - loss: 0.0164 - val_loss: 0.0171 - 47ms/epoch - 4ms/step
Epoch 458/1000
12/12 - 0s - loss: 0.0163 - val_loss: 0.0169 - 49ms/epoch - 4ms/step
Epoch 459/1000
12/12 - 0s - loss: 0.0162 - val_loss: 0.0169 - 44ms/epoch - 4ms/step
Epoch 460/1000
12/12 - 0s - loss: 0.0162 - val_loss: 0.0169 - 51ms/epoch - 4ms/step
Epoch 461/1000
12/12 - 0s - loss: 0.0162 - val_loss: 0.0169 - 45ms/epoch - 4ms/step
Epoch 462/1000
12/12 - 0s - loss: 0.0162 - val_loss: 0.0169 - 54ms/epoch - 5ms/step
Epoch 463/1000
12/12 - 0s - loss: 0.0162 - val_loss: 0.0168 - 45ms/epoch - 4ms/step
Epoch 464/1000
12/12 - 0s - loss: 0.0162 - val_loss: 0.0168 - 47ms/epoch - 4ms/step
Epoch 465/1000
12/12 - 0s - loss: 0.0162 - val_loss: 0.0168 - 44ms/epoch - 4ms/step
Epoch 466/1000
12/12 - 0s - loss: 0.0162 - val_loss: 0.0168 - 45ms/epoch - 4ms/step
Epoch 467/1000
12/12 - 0s - loss: 0.0162 - val_loss: 0.0168 - 46ms/epoch - 4ms/step
Epoch 468/1000
12/12 - 0s - loss: 0.0162 - val_loss: 0.0168 - 45ms/epoch - 4ms/step
Epoch 469/1000
12/12 - 0s - loss: 0.0162 - val_loss: 0.0168 - 48ms/epoch - 4ms/step
Epoch 470/1000
12/12 - 0s - loss: 0.0162 - val_loss: 0.0168 - 44ms/epoch - 4ms/step
Epoch 471/1000
12/12 - 0s - loss: 0.0162 - val_loss: 0.0168 - 46ms/epoch - 4ms/step
Epoch 472/1000
12/12 - 0s - loss: 0.0162 - val_loss: 0.0168 - 46ms/epoch - 4ms/step
Epoch 473/1000
12/12 - 0s - loss: 0.0162 - val_loss: 0.0168 - 47ms/epoch - 4ms/step
Epoch 474/1000
12/12 - 0s - loss: 0.0162 - val_loss: 0.0168 - 46ms/epoch - 4ms/step
Epoch 475/1000
12/12 - 0s - loss: 0.0162 - val_loss: 0.0168 - 47ms/epoch - 4ms/step
Epoch 476/1000
12/12 - 0s - loss: 0.0162 - val_loss: 0.0168 - 47ms/epoch - 4ms/step
Epoch 477/1000
12/12 - 0s - loss: 0.0162 - val_loss: 0.0168 - 49ms/epoch - 4ms/step
Epoch 478/1000
12/12 - 0s - loss: 0.0162 - val_loss: 0.0168 - 44ms/epoch - 4ms/step
Epoch 479/1000
12/12 - 0s - loss: 0.0162 - val_loss: 0.0168 - 46ms/epoch - 4ms/step
Epoch 480/1000
12/12 - 0s - loss: 0.0162 - val_loss: 0.0168 - 45ms/epoch - 4ms/step
Epoch 481/1000
12/12 - 0s - loss: 0.0162 - val_loss: 0.0168 - 45ms/epoch - 4ms/step
Epoch 482/1000
12/12 - 0s - loss: 0.0162 - val_loss: 0.0168 - 45ms/epoch - 4ms/step
Epoch 483/1000
12/12 - 0s - loss: 0.0162 - val_loss: 0.0168 - 49ms/epoch - 4ms/step
Epoch 484/1000
12/12 - 0s - loss: 0.0162 - val_loss: 0.0168 - 47ms/epoch - 4ms/step
Epoch 485/1000
12/12 - 0s - loss: 0.0162 - val_loss: 0.0168 - 46ms/epoch - 4ms/step
Epoch 486/1000
12/12 - 0s - loss: 0.0162 - val_loss: 0.0168 - 46ms/epoch - 4ms/step
Epoch 487/1000
12/12 - 0s - loss: 0.0162 - val_loss: 0.0168 - 47ms/epoch - 4ms/step
Epoch 488/1000
12/12 - 0s - loss: 0.0162 - val_loss: 0.0168 - 48ms/epoch - 4ms/step
Epoch 489/1000
12/12 - 0s - loss: 0.0162 - val_loss: 0.0168 - 47ms/epoch - 4ms/step
Epoch 490/1000
12/12 - 0s - loss: 0.0162 - val_loss: 0.0168 - 51ms/epoch - 4ms/step
Epoch 491/1000
12/12 - 0s - loss: 0.0162 - val_loss: 0.0168 - 53ms/epoch - 4ms/step
Epoch 492/1000
12/12 - 0s - loss: 0.0162 - val_loss: 0.0168 - 46ms/epoch - 4ms/step
Epoch 493/1000
12/12 - 0s - loss: 0.0162 - val_loss: 0.0168 - 44ms/epoch - 4ms/step
Epoch 494/1000
12/12 - 0s - loss: 0.0162 - val_loss: 0.0168 - 44ms/epoch - 4ms/step
Epoch 495/1000
12/12 - 0s - loss: 0.0162 - val_loss: 0.0168 - 47ms/epoch - 4ms/step
Epoch 496/1000
12/12 - 0s - loss: 0.0162 - val_loss: 0.0168 - 47ms/epoch - 4ms/step
Epoch 497/1000
12/12 - 0s - loss: 0.0162 - val_loss: 0.0168 - 50ms/epoch - 4ms/step
Epoch 498/1000
12/12 - 0s - loss: 0.0162 - val_loss: 0.0168 - 45ms/epoch - 4ms/step
Epoch 499/1000
12/12 - 0s - loss: 0.0162 - val_loss: 0.0168 - 48ms/epoch - 4ms/step
Epoch 500/1000
12/12 - 0s - loss: 0.0162 - val_loss: 0.0168 - 47ms/epoch - 4ms/step
Epoch 501/1000
12/12 - 0s - loss: 0.0162 - val_loss: 0.0168 - 45ms/epoch - 4ms/step
Epoch 502/1000
12/12 - 0s - loss: 0.0162 - val_loss: 0.0168 - 46ms/epoch - 4ms/step
Epoch 503/1000
12/12 - 0s - loss: 0.0162 - val_loss: 0.0168 - 45ms/epoch - 4ms/step
Epoch 504/1000
12/12 - 0s - loss: 0.0162 - val_loss: 0.0168 - 47ms/epoch - 4ms/step
Epoch 505/1000
12/12 - 0s - loss: 0.0162 - val_loss: 0.0168 - 46ms/epoch - 4ms/step
Epoch 506/1000
12/12 - 0s - loss: 0.0162 - val_loss: 0.0168 - 48ms/epoch - 4ms/step
Epoch 507/1000
12/12 - 0s - loss: 0.0162 - val_loss: 0.0168 - 47ms/epoch - 4ms/step
Epoch 508/1000
12/12 - 0s - loss: 0.0162 - val_loss: 0.0168 - 48ms/epoch - 4ms/step
Epoch 509/1000
12/12 - 0s - loss: 0.0162 - val_loss: 0.0168 - 47ms/epoch - 4ms/step
Epoch 510/1000
12/12 - 0s - loss: 0.0162 - val_loss: 0.0168 - 46ms/epoch - 4ms/step
Epoch 511/1000
12/12 - 0s - loss: 0.0162 - val_loss: 0.0168 - 46ms/epoch - 4ms/step
Epoch 512/1000
12/12 - 0s - loss: 0.0162 - val_loss: 0.0168 - 47ms/epoch - 4ms/step
Epoch 513/1000
12/12 - 0s - loss: 0.0162 - val_loss: 0.0168 - 44ms/epoch - 4ms/step
Epoch 514/1000
12/12 - 0s - loss: 0.0162 - val_loss: 0.0168 - 46ms/epoch - 4ms/step
Epoch 515/1000
12/12 - 0s - loss: 0.0162 - val_loss: 0.0168 - 45ms/epoch - 4ms/step
Epoch 516/1000
12/12 - 0s - loss: 0.0162 - val_loss: 0.0168 - 47ms/epoch - 4ms/step
Epoch 517/1000
12/12 - 0s - loss: 0.0162 - val_loss: 0.0168 - 46ms/epoch - 4ms/step
Epoch 518/1000
12/12 - 0s - loss: 0.0162 - val_loss: 0.0168 - 46ms/epoch - 4ms/step
Epoch 519/1000
12/12 - 0s - loss: 0.0162 - val_loss: 0.0168 - 46ms/epoch - 4ms/step
Epoch 520/1000
12/12 - 0s - loss: 0.0162 - val_loss: 0.0168 - 47ms/epoch - 4ms/step
Epoch 521/1000
12/12 - 0s - loss: 0.0162 - val_loss: 0.0168 - 44ms/epoch - 4ms/step
Epoch 522/1000
12/12 - 0s - loss: 0.0162 - val_loss: 0.0168 - 49ms/epoch - 4ms/step
Epoch 523/1000
12/12 - 0s - loss: 0.0162 - val_loss: 0.0168 - 49ms/epoch - 4ms/step
Epoch 524/1000
12/12 - 0s - loss: 0.0162 - val_loss: 0.0168 - 48ms/epoch - 4ms/step
Epoch 525/1000
12/12 - 0s - loss: 0.0162 - val_loss: 0.0168 - 49ms/epoch - 4ms/step
Epoch 526/1000
12/12 - 0s - loss: 0.0162 - val_loss: 0.0168 - 48ms/epoch - 4ms/step
Epoch 527/1000
12/12 - 0s - loss: 0.0162 - val_loss: 0.0168 - 46ms/epoch - 4ms/step
Epoch 528/1000
12/12 - 0s - loss: 0.0162 - val_loss: 0.0168 - 46ms/epoch - 4ms/step
Epoch 529/1000
12/12 - 0s - loss: 0.0162 - val_loss: 0.0168 - 47ms/epoch - 4ms/step
Epoch 530/1000
12/12 - 0s - loss: 0.0162 - val_loss: 0.0168 - 46ms/epoch - 4ms/step
Epoch 531/1000
12/12 - 0s - loss: 0.0162 - val_loss: 0.0168 - 44ms/epoch - 4ms/step
Epoch 532/1000
12/12 - 0s - loss: 0.0162 - val_loss: 0.0168 - 46ms/epoch - 4ms/step
Epoch 533/1000
12/12 - 0s - loss: 0.0162 - val_loss: 0.0168 - 46ms/epoch - 4ms/step
Epoch 534/1000
12/12 - 0s - loss: 0.0162 - val_loss: 0.0168 - 48ms/epoch - 4ms/step
Epoch 535/1000
12/12 - 0s - loss: 0.0162 - val_loss: 0.0167 - 46ms/epoch - 4ms/step
Epoch 536/1000
12/12 - 0s - loss: 0.0162 - val_loss: 0.0167 - 47ms/epoch - 4ms/step
Epoch 537/1000
12/12 - 0s - loss: 0.0162 - val_loss: 0.0167 - 46ms/epoch - 4ms/step
Epoch 538/1000
12/12 - 0s - loss: 0.0162 - val_loss: 0.0167 - 47ms/epoch - 4ms/step
Epoch 539/1000
12/12 - 0s - loss: 0.0162 - val_loss: 0.0167 - 49ms/epoch - 4ms/step
Epoch 540/1000
12/12 - 0s - loss: 0.0162 - val_loss: 0.0167 - 46ms/epoch - 4ms/step
Epoch 541/1000
12/12 - 0s - loss: 0.0162 - val_loss: 0.0167 - 47ms/epoch - 4ms/step
Epoch 542/1000
12/12 - 0s - loss: 0.0162 - val_loss: 0.0167 - 46ms/epoch - 4ms/step
Epoch 543/1000
12/12 - 0s - loss: 0.0162 - val_loss: 0.0167 - 50ms/epoch - 4ms/step
Epoch 544/1000
12/12 - 0s - loss: 0.0162 - val_loss: 0.0167 - 47ms/epoch - 4ms/step
Epoch 545/1000
12/12 - 0s - loss: 0.0162 - val_loss: 0.0167 - 48ms/epoch - 4ms/step
Epoch 546/1000
12/12 - 0s - loss: 0.0162 - val_loss: 0.0167 - 45ms/epoch - 4ms/step
Epoch 547/1000
12/12 - 0s - loss: 0.0162 - val_loss: 0.0167 - 45ms/epoch - 4ms/step
Epoch 548/1000
12/12 - 0s - loss: 0.0162 - val_loss: 0.0167 - 48ms/epoch - 4ms/step
Epoch 549/1000
12/12 - 0s - loss: 0.0162 - val_loss: 0.0167 - 47ms/epoch - 4ms/step
Epoch 550/1000
12/12 - 0s - loss: 0.0162 - val_loss: 0.0167 - 46ms/epoch - 4ms/step
Epoch 551/1000
12/12 - 0s - loss: 0.0162 - val_loss: 0.0167 - 48ms/epoch - 4ms/step
Epoch 552/1000
12/12 - 0s - loss: 0.0162 - val_loss: 0.0167 - 46ms/epoch - 4ms/step
Epoch 553/1000
12/12 - 0s - loss: 0.0162 - val_loss: 0.0167 - 47ms/epoch - 4ms/step
Epoch 554/1000
12/12 - 0s - loss: 0.0162 - val_loss: 0.0167 - 48ms/epoch - 4ms/step
Epoch 555/1000
12/12 - 0s - loss: 0.0162 - val_loss: 0.0167 - 47ms/epoch - 4ms/step
Epoch 556/1000
12/12 - 0s - loss: 0.0162 - val_loss: 0.0167 - 48ms/epoch - 4ms/step
Epoch 557/1000
12/12 - 0s - loss: 0.0162 - val_loss: 0.0167 - 46ms/epoch - 4ms/step
Epoch 558/1000
12/12 - 0s - loss: 0.0162 - val_loss: 0.0167 - 48ms/epoch - 4ms/step
Epoch 559/1000
12/12 - 0s - loss: 0.0162 - val_loss: 0.0167 - 49ms/epoch - 4ms/step
Epoch 560/1000
12/12 - 0s - loss: 0.0162 - val_loss: 0.0167 - 44ms/epoch - 4ms/step
Epoch 561/1000
12/12 - 0s - loss: 0.0162 - val_loss: 0.0167 - 50ms/epoch - 4ms/step
Epoch 562/1000
12/12 - 0s - loss: 0.0162 - val_loss: 0.0167 - 45ms/epoch - 4ms/step
Epoch 563/1000
12/12 - 0s - loss: 0.0162 - val_loss: 0.0167 - 46ms/epoch - 4ms/step
Epoch 564/1000
12/12 - 0s - loss: 0.0162 - val_loss: 0.0167 - 45ms/epoch - 4ms/step
Epoch 565/1000
12/12 - 0s - loss: 0.0162 - val_loss: 0.0167 - 49ms/epoch - 4ms/step
Epoch 566/1000
12/12 - 0s - loss: 0.0162 - val_loss: 0.0167 - 44ms/epoch - 4ms/step
Epoch 567/1000
12/12 - 0s - loss: 0.0162 - val_loss: 0.0167 - 45ms/epoch - 4ms/step
Epoch 568/1000
12/12 - 0s - loss: 0.0162 - val_loss: 0.0167 - 47ms/epoch - 4ms/step
Epoch 569/1000
12/12 - 0s - loss: 0.0162 - val_loss: 0.0167 - 44ms/epoch - 4ms/step
Epoch 570/1000
12/12 - 0s - loss: 0.0162 - val_loss: 0.0167 - 49ms/epoch - 4ms/step
Epoch 571/1000
12/12 - 0s - loss: 0.0162 - val_loss: 0.0167 - 47ms/epoch - 4ms/step
Epoch 572/1000
12/12 - 0s - loss: 0.0162 - val_loss: 0.0167 - 48ms/epoch - 4ms/step
Epoch 573/1000
12/12 - 0s - loss: 0.0162 - val_loss: 0.0167 - 45ms/epoch - 4ms/step
Epoch 574/1000
12/12 - 0s - loss: 0.0162 - val_loss: 0.0167 - 46ms/epoch - 4ms/step
Epoch 575/1000
12/12 - 0s - loss: 0.0162 - val_loss: 0.0167 - 49ms/epoch - 4ms/step
Epoch 576/1000
12/12 - 0s - loss: 0.0162 - val_loss: 0.0167 - 47ms/epoch - 4ms/step
Epoch 577/1000
12/12 - 0s - loss: 0.0162 - val_loss: 0.0167 - 45ms/epoch - 4ms/step
Epoch 578/1000
12/12 - 0s - loss: 0.0162 - val_loss: 0.0167 - 49ms/epoch - 4ms/step
Epoch 579/1000
12/12 - 0s - loss: 0.0162 - val_loss: 0.0167 - 48ms/epoch - 4ms/step
Epoch 580/1000
12/12 - 0s - loss: 0.0162 - val_loss: 0.0167 - 47ms/epoch - 4ms/step
Epoch 581/1000
12/12 - 0s - loss: 0.0162 - val_loss: 0.0167 - 44ms/epoch - 4ms/step
Epoch 582/1000
12/12 - 0s - loss: 0.0162 - val_loss: 0.0167 - 48ms/epoch - 4ms/step
Epoch 583/1000
12/12 - 0s - loss: 0.0162 - val_loss: 0.0167 - 48ms/epoch - 4ms/step
Epoch 584/1000
12/12 - 0s - loss: 0.0161 - val_loss: 0.0167 - 47ms/epoch - 4ms/step
Epoch 585/1000
12/12 - 0s - loss: 0.0161 - val_loss: 0.0167 - 46ms/epoch - 4ms/step
Epoch 586/1000
12/12 - 0s - loss: 0.0161 - val_loss: 0.0167 - 46ms/epoch - 4ms/step
Epoch 587/1000
12/12 - 0s - loss: 0.0161 - val_loss: 0.0167 - 47ms/epoch - 4ms/step
Epoch 588/1000
12/12 - 0s - loss: 0.0161 - val_loss: 0.0167 - 44ms/epoch - 4ms/step
Epoch 589/1000
12/12 - 0s - loss: 0.0161 - val_loss: 0.0167 - 47ms/epoch - 4ms/step
Epoch 590/1000
12/12 - 0s - loss: 0.0161 - val_loss: 0.0167 - 46ms/epoch - 4ms/step
Epoch 591/1000
12/12 - 0s - loss: 0.0161 - val_loss: 0.0167 - 46ms/epoch - 4ms/step
Epoch 592/1000
12/12 - 0s - loss: 0.0161 - val_loss: 0.0167 - 48ms/epoch - 4ms/step
Epoch 593/1000
12/12 - 0s - loss: 0.0161 - val_loss: 0.0167 - 45ms/epoch - 4ms/step
Epoch 594/1000
12/12 - 0s - loss: 0.0161 - val_loss: 0.0167 - 46ms/epoch - 4ms/step
Epoch 595/1000
12/12 - 0s - loss: 0.0161 - val_loss: 0.0167 - 48ms/epoch - 4ms/step
Epoch 596/1000
12/12 - 0s - loss: 0.0161 - val_loss: 0.0167 - 47ms/epoch - 4ms/step
Epoch 597/1000
12/12 - 0s - loss: 0.0161 - val_loss: 0.0167 - 47ms/epoch - 4ms/step
Epoch 598/1000
12/12 - 0s - loss: 0.0161 - val_loss: 0.0167 - 47ms/epoch - 4ms/step
Epoch 599/1000
12/12 - 0s - loss: 0.0161 - val_loss: 0.0167 - 47ms/epoch - 4ms/step
Epoch 600/1000
12/12 - 0s - loss: 0.0161 - val_loss: 0.0167 - 47ms/epoch - 4ms/step
Epoch 601/1000
12/12 - 0s - loss: 0.0161 - val_loss: 0.0167 - 46ms/epoch - 4ms/step
Epoch 602/1000
12/12 - 0s - loss: 0.0161 - val_loss: 0.0167 - 46ms/epoch - 4ms/step
Epoch 603/1000
12/12 - 0s - loss: 0.0161 - val_loss: 0.0167 - 47ms/epoch - 4ms/step
Epoch 604/1000
12/12 - 0s - loss: 0.0161 - val_loss: 0.0167 - 47ms/epoch - 4ms/step
Epoch 605/1000
12/12 - 0s - loss: 0.0161 - val_loss: 0.0167 - 50ms/epoch - 4ms/step
Epoch 606/1000
12/12 - 0s - loss: 0.0161 - val_loss: 0.0167 - 45ms/epoch - 4ms/step
Epoch 607/1000
12/12 - 0s - loss: 0.0161 - val_loss: 0.0167 - 46ms/epoch - 4ms/step
Epoch 608/1000
12/12 - 0s - loss: 0.0161 - val_loss: 0.0167 - 46ms/epoch - 4ms/step
Epoch 609/1000
12/12 - 0s - loss: 0.0161 - val_loss: 0.0167 - 51ms/epoch - 4ms/step
Epoch 610/1000
12/12 - 0s - loss: 0.0161 - val_loss: 0.0167 - 44ms/epoch - 4ms/step
Epoch 611/1000
12/12 - 0s - loss: 0.0161 - val_loss: 0.0167 - 46ms/epoch - 4ms/step
Epoch 612/1000
12/12 - 0s - loss: 0.0161 - val_loss: 0.0167 - 47ms/epoch - 4ms/step
Epoch 613/1000
12/12 - 0s - loss: 0.0161 - val_loss: 0.0167 - 46ms/epoch - 4ms/step
Epoch 614/1000
12/12 - 0s - loss: 0.0161 - val_loss: 0.0167 - 47ms/epoch - 4ms/step
Epoch 615/1000
12/12 - 0s - loss: 0.0161 - val_loss: 0.0167 - 46ms/epoch - 4ms/step
Epoch 616/1000
12/12 - 0s - loss: 0.0161 - val_loss: 0.0167 - 44ms/epoch - 4ms/step
Epoch 617/1000
12/12 - 0s - loss: 0.0161 - val_loss: 0.0167 - 47ms/epoch - 4ms/step
Epoch 618/1000
12/12 - 0s - loss: 0.0161 - val_loss: 0.0167 - 46ms/epoch - 4ms/step
Epoch 619/1000
12/12 - 0s - loss: 0.0161 - val_loss: 0.0167 - 46ms/epoch - 4ms/step
Epoch 620/1000
12/12 - 0s - loss: 0.0161 - val_loss: 0.0167 - 46ms/epoch - 4ms/step
Epoch 621/1000
12/12 - 0s - loss: 0.0161 - val_loss: 0.0167 - 47ms/epoch - 4ms/step
Epoch 622/1000
12/12 - 0s - loss: 0.0161 - val_loss: 0.0167 - 47ms/epoch - 4ms/step
Epoch 623/1000
12/12 - 0s - loss: 0.0161 - val_loss: 0.0167 - 51ms/epoch - 4ms/step
Epoch 624/1000
12/12 - 0s - loss: 0.0161 - val_loss: 0.0167 - 45ms/epoch - 4ms/step
Epoch 625/1000
12/12 - 0s - loss: 0.0161 - val_loss: 0.0167 - 45ms/epoch - 4ms/step
Epoch 626/1000
12/12 - 0s - loss: 0.0161 - val_loss: 0.0167 - 48ms/epoch - 4ms/step
Epoch 627/1000
12/12 - 0s - loss: 0.0161 - val_loss: 0.0167 - 46ms/epoch - 4ms/step
Epoch 628/1000
12/12 - 0s - loss: 0.0161 - val_loss: 0.0166 - 46ms/epoch - 4ms/step
Epoch 629/1000
12/12 - 0s - loss: 0.0161 - val_loss: 0.0166 - 46ms/epoch - 4ms/step
Epoch 630/1000
12/12 - 0s - loss: 0.0162 - val_loss: 0.0166 - 47ms/epoch - 4ms/step
Epoch 631/1000
12/12 - 0s - loss: 0.0167 - val_loss: 0.0162 - 46ms/epoch - 4ms/step
Epoch 632/1000
12/12 - 0s - loss: 0.0186 - val_loss: 0.0178 - 48ms/epoch - 4ms/step
Epoch 633/1000
12/12 - 0s - loss: 0.0305 - val_loss: 0.0693 - 47ms/epoch - 4ms/step
Epoch 634/1000
12/12 - 0s - loss: 1.6711 - val_loss: 2.9153 - 46ms/epoch - 4ms/step
Epoch 635/1000
12/12 - 0s - loss: 2.5912 - val_loss: 0.4582 - 49ms/epoch - 4ms/step
Epoch 636/1000
12/12 - 0s - loss: 0.3176 - val_loss: 0.1992 - 47ms/epoch - 4ms/step
Epoch 637/1000
12/12 - 0s - loss: 0.1251 - val_loss: 0.0852 - 48ms/epoch - 4ms/step
Epoch 638/1000
12/12 - 0s - loss: 0.0808 - val_loss: 0.0666 - 46ms/epoch - 4ms/step
Epoch 639/1000
12/12 - 0s - loss: 0.0810 - val_loss: 0.0727 - 48ms/epoch - 4ms/step
Epoch 640/1000
12/12 - 0s - loss: 0.0751 - val_loss: 0.0677 - 46ms/epoch - 4ms/step
Epoch 641/1000
12/12 - 0s - loss: 0.0709 - val_loss: 0.0649 - 47ms/epoch - 4ms/step
Epoch 642/1000
12/12 - 0s - loss: 0.0715 - val_loss: 0.0654 - 47ms/epoch - 4ms/step
Epoch 643/1000
12/12 - 0s - loss: 0.0724 - val_loss: 0.0662 - 48ms/epoch - 4ms/step
Epoch 644/1000
12/12 - 0s - loss: 0.0724 - val_loss: 0.0660 - 46ms/epoch - 4ms/step
Epoch 645/1000
12/12 - 0s - loss: 0.0722 - val_loss: 0.0658 - 46ms/epoch - 4ms/step
Epoch 646/1000
12/12 - 0s - loss: 0.0723 - val_loss: 0.0659 - 47ms/epoch - 4ms/step
Epoch 647/1000
12/12 - 0s - loss: 0.0725 - val_loss: 0.0659 - 45ms/epoch - 4ms/step
Epoch 648/1000
12/12 - 0s - loss: 0.0727 - val_loss: 0.0660 - 46ms/epoch - 4ms/step
Epoch 649/1000
12/12 - 0s - loss: 0.0728 - val_loss: 0.0660 - 49ms/epoch - 4ms/step
Epoch 650/1000
12/12 - 0s - loss: 0.0730 - val_loss: 0.0660 - 45ms/epoch - 4ms/step
Epoch 651/1000
12/12 - 0s - loss: 0.0731 - val_loss: 0.0660 - 47ms/epoch - 4ms/step
Epoch 652/1000
12/12 - 0s - loss: 0.0733 - val_loss: 0.0660 - 45ms/epoch - 4ms/step
Epoch 653/1000
12/12 - 0s - loss: 0.0735 - val_loss: 0.0660 - 49ms/epoch - 4ms/step
Epoch 654/1000
12/12 - 0s - loss: 0.0736 - val_loss: 0.0660 - 46ms/epoch - 4ms/step
Epoch 655/1000
12/12 - 0s - loss: 0.0738 - val_loss: 0.0660 - 47ms/epoch - 4ms/step
Epoch 656/1000
12/12 - 0s - loss: 0.0740 - val_loss: 0.0660 - 48ms/epoch - 4ms/step
Epoch 657/1000
12/12 - 0s - loss: 0.0742 - val_loss: 0.0660 - 48ms/epoch - 4ms/step
Epoch 658/1000
12/12 - 0s - loss: 0.0745 - val_loss: 0.0660 - 48ms/epoch - 4ms/step
Epoch 659/1000
12/12 - 0s - loss: 0.0747 - val_loss: 0.0659 - 47ms/epoch - 4ms/step
Epoch 660/1000
12/12 - 0s - loss: 0.0749 - val_loss: 0.0659 - 46ms/epoch - 4ms/step
Epoch 661/1000
12/12 - 0s - loss: 0.0752 - val_loss: 0.0659 - 46ms/epoch - 4ms/step
Epoch 662/1000
12/12 - 0s - loss: 0.0754 - val_loss: 0.0658 - 48ms/epoch - 4ms/step
Epoch 663/1000
12/12 - 0s - loss: 0.0757 - val_loss: 0.0658 - 46ms/epoch - 4ms/step
Epoch 664/1000
12/12 - 0s - loss: 0.0760 - val_loss: 0.0657 - 46ms/epoch - 4ms/step
Epoch 665/1000
12/12 - 0s - loss: 0.0763 - val_loss: 0.0657 - 51ms/epoch - 4ms/step
Epoch 666/1000
12/12 - 0s - loss: 0.0766 - val_loss: 0.0656 - 48ms/epoch - 4ms/step
Epoch 667/1000
12/12 - 0s - loss: 0.0769 - val_loss: 0.0656 - 53ms/epoch - 4ms/step
Epoch 668/1000
12/12 - 0s - loss: 0.0772 - val_loss: 0.0655 - 48ms/epoch - 4ms/step
Epoch 669/1000
12/12 - 0s - loss: 0.0775 - val_loss: 0.0654 - 46ms/epoch - 4ms/step
Epoch 670/1000
12/12 - 0s - loss: 0.0779 - val_loss: 0.0653 - 47ms/epoch - 4ms/step
Epoch 671/1000
12/12 - 0s - loss: 0.0782 - val_loss: 0.0652 - 47ms/epoch - 4ms/step
Epoch 672/1000
12/12 - 0s - loss: 0.0786 - val_loss: 0.0651 - 49ms/epoch - 4ms/step
Epoch 673/1000
12/12 - 0s - loss: 0.0789 - val_loss: 0.0651 - 47ms/epoch - 4ms/step
Epoch 674/1000
12/12 - 0s - loss: 0.0793 - val_loss: 0.0650 - 46ms/epoch - 4ms/step
Epoch 675/1000
12/12 - 0s - loss: 0.0797 - val_loss: 0.0649 - 44ms/epoch - 4ms/step
Epoch 676/1000
12/12 - 0s - loss: 0.0800 - val_loss: 0.0648 - 44ms/epoch - 4ms/step
Epoch 677/1000
12/12 - 0s - loss: 0.0804 - val_loss: 0.0647 - 47ms/epoch - 4ms/step
Epoch 678/1000
12/12 - 0s - loss: 0.0808 - val_loss: 0.0647 - 47ms/epoch - 4ms/step
Epoch 679/1000
12/12 - 0s - loss: 0.0812 - val_loss: 0.0646 - 47ms/epoch - 4ms/step
Epoch 680/1000
12/12 - 0s - loss: 0.0816 - val_loss: 0.0646 - 46ms/epoch - 4ms/step
Epoch 681/1000
12/12 - 0s - loss: 0.0820 - val_loss: 0.0646 - 50ms/epoch - 4ms/step
Epoch 682/1000
12/12 - 0s - loss: 0.0823 - val_loss: 0.0646 - 46ms/epoch - 4ms/step
Epoch 683/1000
12/12 - 0s - loss: 0.0827 - val_loss: 0.0646 - 46ms/epoch - 4ms/step
Epoch 684/1000
12/12 - 0s - loss: 0.0831 - val_loss: 0.0646 - 49ms/epoch - 4ms/step
Epoch 685/1000
12/12 - 0s - loss: 0.0834 - val_loss: 0.0647 - 47ms/epoch - 4ms/step
Epoch 686/1000
12/12 - 0s - loss: 0.0838 - val_loss: 0.0648 - 44ms/epoch - 4ms/step
Epoch 687/1000
12/12 - 0s - loss: 0.0841 - val_loss: 0.0649 - 48ms/epoch - 4ms/step
Epoch 688/1000
12/12 - 0s - loss: 0.0845 - val_loss: 0.0650 - 48ms/epoch - 4ms/step
Epoch 689/1000
12/12 - 0s - loss: 0.0848 - val_loss: 0.0651 - 46ms/epoch - 4ms/step
Epoch 690/1000
12/12 - 0s - loss: 0.0851 - val_loss: 0.0653 - 46ms/epoch - 4ms/step
Epoch 691/1000
12/12 - 0s - loss: 0.0854 - val_loss: 0.0655 - 46ms/epoch - 4ms/step
Epoch 692/1000
12/12 - 0s - loss: 0.0857 - val_loss: 0.0657 - 45ms/epoch - 4ms/step
Epoch 693/1000
12/12 - 0s - loss: 0.0860 - val_loss: 0.0660 - 45ms/epoch - 4ms/step
Epoch 694/1000
12/12 - 0s - loss: 0.0862 - val_loss: 0.0662 - 46ms/epoch - 4ms/step
Epoch 695/1000
12/12 - 0s - loss: 0.0865 - val_loss: 0.0665 - 44ms/epoch - 4ms/step
Epoch 696/1000
12/12 - 0s - loss: 0.0867 - val_loss: 0.0668 - 46ms/epoch - 4ms/step
Epoch 697/1000
12/12 - 0s - loss: 0.0869 - val_loss: 0.0671 - 46ms/epoch - 4ms/step
Epoch 698/1000
12/12 - 0s - loss: 0.0871 - val_loss: 0.0675 - 46ms/epoch - 4ms/step
Epoch 699/1000
12/12 - 0s - loss: 0.0873 - val_loss: 0.0678 - 48ms/epoch - 4ms/step
Epoch 700/1000
12/12 - 0s - loss: 0.0875 - val_loss: 0.0681 - 47ms/epoch - 4ms/step
Epoch 701/1000
12/12 - 0s - loss: 0.0877 - val_loss: 0.0685 - 46ms/epoch - 4ms/step
Epoch 702/1000
12/12 - 0s - loss: 0.0878 - val_loss: 0.0689 - 47ms/epoch - 4ms/step
Epoch 703/1000
12/12 - 0s - loss: 0.0880 - val_loss: 0.0692 - 45ms/epoch - 4ms/step
Epoch 704/1000
12/12 - 0s - loss: 0.0881 - val_loss: 0.0696 - 49ms/epoch - 4ms/step
Epoch 705/1000
12/12 - 0s - loss: 0.0882 - val_loss: 0.0700 - 46ms/epoch - 4ms/step
Epoch 706/1000
12/12 - 0s - loss: 0.0884 - val_loss: 0.0704 - 47ms/epoch - 4ms/step
Epoch 707/1000
12/12 - 0s - loss: 0.0885 - val_loss: 0.0708 - 51ms/epoch - 4ms/step
Epoch 708/1000
12/12 - 0s - loss: 0.0886 - val_loss: 0.0712 - 47ms/epoch - 4ms/step
Epoch 709/1000
12/12 - 0s - loss: 0.0887 - val_loss: 0.0716 - 49ms/epoch - 4ms/step
Epoch 710/1000
12/12 - 0s - loss: 0.0887 - val_loss: 0.0720 - 46ms/epoch - 4ms/step
Epoch 711/1000
12/12 - 0s - loss: 0.0888 - val_loss: 0.0724 - 49ms/epoch - 4ms/step
Epoch 712/1000
12/12 - 0s - loss: 0.0889 - val_loss: 0.0728 - 47ms/epoch - 4ms/step
Epoch 713/1000
12/12 - 0s - loss: 0.0889 - val_loss: 0.0732 - 48ms/epoch - 4ms/step
Epoch 714/1000
12/12 - 0s - loss: 0.0890 - val_loss: 0.0736 - 46ms/epoch - 4ms/step
Epoch 715/1000
12/12 - 0s - loss: 0.0890 - val_loss: 0.0740 - 46ms/epoch - 4ms/step
Epoch 716/1000
12/12 - 0s - loss: 0.0891 - val_loss: 0.0744 - 46ms/epoch - 4ms/step
Epoch 717/1000
12/12 - 0s - loss: 0.0891 - val_loss: 0.0748 - 46ms/epoch - 4ms/step
Epoch 718/1000
12/12 - 0s - loss: 0.0892 - val_loss: 0.0752 - 46ms/epoch - 4ms/step
Epoch 719/1000
12/12 - 0s - loss: 0.0892 - val_loss: 0.0756 - 48ms/epoch - 4ms/step
Epoch 720/1000
12/12 - 0s - loss: 0.0892 - val_loss: 0.0760 - 47ms/epoch - 4ms/step
Epoch 721/1000
12/12 - 0s - loss: 0.0892 - val_loss: 0.0764 - 49ms/epoch - 4ms/step
Epoch 722/1000
12/12 - 0s - loss: 0.0892 - val_loss: 0.0768 - 55ms/epoch - 5ms/step
Epoch 723/1000
12/12 - 0s - loss: 0.0892 - val_loss: 0.0771 - 46ms/epoch - 4ms/step
Epoch 724/1000
12/12 - 0s - loss: 0.0893 - val_loss: 0.0775 - 50ms/epoch - 4ms/step
Epoch 725/1000
12/12 - 0s - loss: 0.0893 - val_loss: 0.0779 - 47ms/epoch - 4ms/step
Epoch 726/1000
12/12 - 0s - loss: 0.0892 - val_loss: 0.0783 - 47ms/epoch - 4ms/step
Epoch 727/1000
12/12 - 0s - loss: 0.0892 - val_loss: 0.0787 - 46ms/epoch - 4ms/step
Epoch 728/1000
12/12 - 0s - loss: 0.0892 - val_loss: 0.0791 - 48ms/epoch - 4ms/step
Epoch 729/1000
12/12 - 0s - loss: 0.0892 - val_loss: 0.0794 - 47ms/epoch - 4ms/step
Epoch 730/1000
12/12 - 0s - loss: 0.0892 - val_loss: 0.0798 - 48ms/epoch - 4ms/step
Epoch 731/1000
12/12 - 0s - loss: 0.0892 - val_loss: 0.0802 - 51ms/epoch - 4ms/step
Epoch 732/1000
12/12 - 0s - loss: 0.0891 - val_loss: 0.0806 - 49ms/epoch - 4ms/step
Epoch 733/1000
12/12 - 0s - loss: 0.0891 - val_loss: 0.0809 - 48ms/epoch - 4ms/step
Epoch 734/1000
12/12 - 0s - loss: 0.0891 - val_loss: 0.0813 - 46ms/epoch - 4ms/step
Epoch 735/1000
12/12 - 0s - loss: 0.0890 - val_loss: 0.0817 - 46ms/epoch - 4ms/step
Epoch 736/1000
12/12 - 0s - loss: 0.0890 - val_loss: 0.0820 - 46ms/epoch - 4ms/step
Epoch 737/1000
12/12 - 0s - loss: 0.0889 - val_loss: 0.0823 - 46ms/epoch - 4ms/step
Epoch 738/1000
12/12 - 0s - loss: 0.0824 - val_loss: 0.0795 - 45ms/epoch - 4ms/step
Epoch 739/1000
12/12 - 0s - loss: 0.0649 - val_loss: 0.0739 - 48ms/epoch - 4ms/step
Epoch 740/1000
12/12 - 0s - loss: 0.0557 - val_loss: 0.0803 - 48ms/epoch - 4ms/step
Epoch 741/1000
12/12 - 0s - loss: 0.0552 - val_loss: 0.0854 - 47ms/epoch - 4ms/step
Epoch 742/1000
12/12 - 0s - loss: 0.0610 - val_loss: 0.0689 - 50ms/epoch - 4ms/step
Epoch 743/1000
12/12 - 0s - loss: 0.0483 - val_loss: 0.0718 - 47ms/epoch - 4ms/step
Epoch 744/1000
12/12 - 0s - loss: 0.0545 - val_loss: 0.0532 - 58ms/epoch - 5ms/step
Epoch 745/1000
12/12 - 0s - loss: 0.0468 - val_loss: 0.0676 - 46ms/epoch - 4ms/step
Epoch 746/1000
12/12 - 0s - loss: 0.0517 - val_loss: 0.0558 - 46ms/epoch - 4ms/step
Epoch 747/1000
12/12 - 0s - loss: 0.0535 - val_loss: 0.0545 - 48ms/epoch - 4ms/step
Epoch 748/1000
12/12 - 0s - loss: 0.0577 - val_loss: 0.0809 - 48ms/epoch - 4ms/step
Epoch 749/1000
12/12 - 0s - loss: 0.0607 - val_loss: 0.0596 - 50ms/epoch - 4ms/step
Epoch 750/1000
12/12 - 0s - loss: 0.0589 - val_loss: 0.0777 - 46ms/epoch - 4ms/step
Epoch 751/1000
12/12 - 0s - loss: 0.0618 - val_loss: 0.0797 - 52ms/epoch - 4ms/step
Epoch 752/1000
12/12 - 0s - loss: 0.0606 - val_loss: 0.0590 - 44ms/epoch - 4ms/step
Epoch 753/1000
12/12 - 0s - loss: 0.0586 - val_loss: 0.0739 - 46ms/epoch - 4ms/step
Epoch 754/1000
12/12 - 0s - loss: 0.0608 - val_loss: 0.0650 - 46ms/epoch - 4ms/step
Epoch 755/1000
12/12 - 0s - loss: 0.0622 - val_loss: 0.0651 - 47ms/epoch - 4ms/step
Epoch 756/1000
12/12 - 0s - loss: 0.0641 - val_loss: 0.0763 - 52ms/epoch - 4ms/step
Epoch 757/1000
12/12 - 0s - loss: 0.0686 - val_loss: 0.0577 - 45ms/epoch - 4ms/step
Epoch 758/1000
12/12 - 0s - loss: 0.0608 - val_loss: 0.0662 - 47ms/epoch - 4ms/step
Epoch 759/1000
12/12 - 0s - loss: 0.0651 - val_loss: 0.0653 - 46ms/epoch - 4ms/step
Epoch 760/1000
12/12 - 0s - loss: 0.0679 - val_loss: 0.0590 - 47ms/epoch - 4ms/step
Epoch 761/1000
12/12 - 0s - loss: 0.0688 - val_loss: 0.0562 - 45ms/epoch - 4ms/step
Epoch 762/1000
12/12 - 0s - loss: 0.0694 - val_loss: 0.0522 - 50ms/epoch - 4ms/step
Epoch 763/1000
12/12 - 0s - loss: 0.0701 - val_loss: 0.0465 - 47ms/epoch - 4ms/step
Epoch 764/1000
12/12 - 0s - loss: 0.0692 - val_loss: 0.0586 - 47ms/epoch - 4ms/step
Epoch 765/1000
12/12 - 0s - loss: 0.0689 - val_loss: 0.0589 - 47ms/epoch - 4ms/step
Epoch 766/1000
12/12 - 0s - loss: 0.0747 - val_loss: 0.0473 - 47ms/epoch - 4ms/step
Epoch 767/1000
12/12 - 0s - loss: 0.0654 - val_loss: 0.0493 - 46ms/epoch - 4ms/step
Epoch 768/1000
12/12 - 0s - loss: 0.0692 - val_loss: 0.0545 - 49ms/epoch - 4ms/step
Epoch 769/1000
12/12 - 0s - loss: 0.0687 - val_loss: 0.0421 - 47ms/epoch - 4ms/step
Epoch 770/1000
12/12 - 0s - loss: 0.0711 - val_loss: 0.0361 - 48ms/epoch - 4ms/step
Epoch 771/1000
12/12 - 0s - loss: 0.0692 - val_loss: 0.0394 - 48ms/epoch - 4ms/step
Epoch 772/1000
12/12 - 0s - loss: 0.0690 - val_loss: 0.0374 - 49ms/epoch - 4ms/step
Epoch 773/1000
12/12 - 0s - loss: 0.0706 - val_loss: 0.0369 - 46ms/epoch - 4ms/step
Epoch 774/1000
12/12 - 0s - loss: 0.0716 - val_loss: 0.0389 - 46ms/epoch - 4ms/step
Epoch 775/1000
12/12 - 0s - loss: 0.0717 - val_loss: 0.0343 - 49ms/epoch - 4ms/step
Epoch 776/1000
12/12 - 0s - loss: 0.0719 - val_loss: 0.0327 - 45ms/epoch - 4ms/step
Epoch 777/1000
12/12 - 0s - loss: 0.0708 - val_loss: 0.0368 - 47ms/epoch - 4ms/step
Epoch 778/1000
12/12 - 0s - loss: 0.0686 - val_loss: 0.0290 - 46ms/epoch - 4ms/step
Epoch 779/1000
12/12 - 0s - loss: 0.0607 - val_loss: 0.0294 - 45ms/epoch - 4ms/step
Epoch 780/1000
12/12 - 0s - loss: 0.0664 - val_loss: 0.0257 - 47ms/epoch - 4ms/step
Epoch 781/1000
12/12 - 0s - loss: 0.0685 - val_loss: 0.0237 - 47ms/epoch - 4ms/step
Epoch 782/1000
12/12 - 0s - loss: 0.0711 - val_loss: 0.0253 - 53ms/epoch - 4ms/step
Epoch 783/1000
12/12 - 0s - loss: 0.0799 - val_loss: 0.0319 - 47ms/epoch - 4ms/step
Epoch 784/1000
12/12 - 0s - loss: 0.0816 - val_loss: 0.0309 - 49ms/epoch - 4ms/step
Epoch 785/1000
12/12 - 0s - loss: 0.0746 - val_loss: 0.0294 - 48ms/epoch - 4ms/step
Epoch 786/1000
12/12 - 0s - loss: 0.0603 - val_loss: 0.0313 - 51ms/epoch - 4ms/step
Epoch 787/1000
12/12 - 0s - loss: 0.0606 - val_loss: 0.0343 - 50ms/epoch - 4ms/step
Epoch 788/1000
12/12 - 0s - loss: 0.0665 - val_loss: 0.0420 - 49ms/epoch - 4ms/step
Epoch 789/1000
12/12 - 0s - loss: 0.0707 - val_loss: 0.0474 - 46ms/epoch - 4ms/step
Epoch 790/1000
12/12 - 0s - loss: 0.0709 - val_loss: 0.0509 - 46ms/epoch - 4ms/step
Epoch 791/1000
12/12 - 0s - loss: 0.0699 - val_loss: 0.0515 - 47ms/epoch - 4ms/step
Epoch 792/1000
12/12 - 0s - loss: 0.0669 - val_loss: 0.0525 - 48ms/epoch - 4ms/step
Epoch 793/1000
12/12 - 0s - loss: 0.0663 - val_loss: 0.0510 - 49ms/epoch - 4ms/step
Epoch 794/1000
12/12 - 0s - loss: 0.0608 - val_loss: 0.0486 - 47ms/epoch - 4ms/step
Epoch 795/1000
12/12 - 0s - loss: 0.0552 - val_loss: 0.0384 - 47ms/epoch - 4ms/step
Epoch 796/1000
12/12 - 0s - loss: 0.0443 - val_loss: 0.0278 - 46ms/epoch - 4ms/step
Epoch 797/1000
12/12 - 0s - loss: 0.0355 - val_loss: 0.0231 - 45ms/epoch - 4ms/step
Epoch 798/1000
12/12 - 0s - loss: 0.0397 - val_loss: 0.0249 - 48ms/epoch - 4ms/step
Epoch 799/1000
12/12 - 0s - loss: 0.0529 - val_loss: 0.0335 - 48ms/epoch - 4ms/step
Epoch 800/1000
12/12 - 0s - loss: 0.0672 - val_loss: 0.0413 - 46ms/epoch - 4ms/step
Epoch 801/1000
12/12 - 0s - loss: 0.0754 - val_loss: 0.0575 - 47ms/epoch - 4ms/step
Epoch 802/1000
12/12 - 0s - loss: 0.0741 - val_loss: 0.0624 - 47ms/epoch - 4ms/step
Epoch 803/1000
12/12 - 0s - loss: 0.0641 - val_loss: 0.0555 - 48ms/epoch - 4ms/step
Epoch 804/1000
12/12 - 0s - loss: 0.0501 - val_loss: 0.0362 - 48ms/epoch - 4ms/step
Epoch 805/1000
12/12 - 0s - loss: 0.0353 - val_loss: 0.0234 - 47ms/epoch - 4ms/step
Epoch 806/1000
12/12 - 0s - loss: 0.0273 - val_loss: 0.0301 - 47ms/epoch - 4ms/step
Epoch 807/1000
12/12 - 0s - loss: 0.0317 - val_loss: 0.0266 - 47ms/epoch - 4ms/step
Epoch 808/1000
12/12 - 0s - loss: 0.0290 - val_loss: 0.0307 - 46ms/epoch - 4ms/step
Epoch 809/1000
12/12 - 0s - loss: 0.0246 - val_loss: 0.0260 - 45ms/epoch - 4ms/step
Epoch 810/1000
12/12 - 0s - loss: 0.0242 - val_loss: 0.0226 - 47ms/epoch - 4ms/step
Epoch 811/1000
12/12 - 0s - loss: 0.0261 - val_loss: 0.0233 - 49ms/epoch - 4ms/step
Epoch 812/1000
12/12 - 0s - loss: 0.0259 - val_loss: 0.0230 - 46ms/epoch - 4ms/step
Epoch 813/1000
12/12 - 0s - loss: 0.0301 - val_loss: 0.0261 - 46ms/epoch - 4ms/step
Epoch 814/1000
12/12 - 0s - loss: 0.0331 - val_loss: 0.0255 - 50ms/epoch - 4ms/step
Epoch 815/1000
12/12 - 0s - loss: 0.0355 - val_loss: 0.0218 - 47ms/epoch - 4ms/step
Epoch 816/1000
12/12 - 0s - loss: 0.0353 - val_loss: 0.0208 - 48ms/epoch - 4ms/step
Epoch 817/1000
12/12 - 0s - loss: 0.0350 - val_loss: 0.0203 - 47ms/epoch - 4ms/step
Epoch 818/1000
12/12 - 0s - loss: 0.0359 - val_loss: 0.0201 - 49ms/epoch - 4ms/step
Epoch 819/1000
12/12 - 0s - loss: 0.0355 - val_loss: 0.0201 - 46ms/epoch - 4ms/step
Epoch 820/1000
12/12 - 0s - loss: 0.0345 - val_loss: 0.0201 - 48ms/epoch - 4ms/step
Epoch 821/1000
12/12 - 0s - loss: 0.0334 - val_loss: 0.0203 - 49ms/epoch - 4ms/step
Epoch 822/1000
12/12 - 0s - loss: 0.0335 - val_loss: 0.0208 - 45ms/epoch - 4ms/step
Epoch 823/1000
12/12 - 0s - loss: 0.0336 - val_loss: 0.0217 - 46ms/epoch - 4ms/step
Epoch 824/1000
12/12 - 0s - loss: 0.0340 - val_loss: 0.0219 - 44ms/epoch - 4ms/step
Epoch 825/1000
12/12 - 0s - loss: 0.0345 - val_loss: 0.0220 - 46ms/epoch - 4ms/step
Epoch 826/1000
12/12 - 0s - loss: 0.0353 - val_loss: 0.0223 - 48ms/epoch - 4ms/step
Epoch 827/1000
12/12 - 0s - loss: 0.0356 - val_loss: 0.0223 - 47ms/epoch - 4ms/step
Epoch 828/1000
12/12 - 0s - loss: 0.0361 - val_loss: 0.0224 - 48ms/epoch - 4ms/step
Epoch 829/1000
12/12 - 0s - loss: 0.0367 - val_loss: 0.0222 - 45ms/epoch - 4ms/step
Epoch 830/1000
12/12 - 0s - loss: 0.0370 - val_loss: 0.0226 - 46ms/epoch - 4ms/step
Epoch 831/1000
12/12 - 0s - loss: 0.0376 - val_loss: 0.0224 - 45ms/epoch - 4ms/step
Epoch 832/1000
12/12 - 0s - loss: 0.0380 - val_loss: 0.0232 - 46ms/epoch - 4ms/step
Epoch 833/1000
12/12 - 0s - loss: 0.0383 - val_loss: 0.0227 - 46ms/epoch - 4ms/step
Epoch 834/1000
12/12 - 0s - loss: 0.0384 - val_loss: 0.0233 - 46ms/epoch - 4ms/step
Epoch 835/1000
12/12 - 0s - loss: 0.0388 - val_loss: 0.0228 - 48ms/epoch - 4ms/step
Epoch 836/1000
12/12 - 0s - loss: 0.0391 - val_loss: 0.0232 - 47ms/epoch - 4ms/step
Epoch 837/1000
12/12 - 0s - loss: 0.0393 - val_loss: 0.0230 - 49ms/epoch - 4ms/step
Epoch 838/1000
12/12 - 0s - loss: 0.0396 - val_loss: 0.0234 - 46ms/epoch - 4ms/step
Epoch 839/1000
12/12 - 0s - loss: 0.0398 - val_loss: 0.0232 - 50ms/epoch - 4ms/step
Epoch 840/1000
12/12 - 0s - loss: 0.0401 - val_loss: 0.0238 - 46ms/epoch - 4ms/step
Epoch 841/1000
12/12 - 0s - loss: 0.0404 - val_loss: 0.0233 - 47ms/epoch - 4ms/step
Epoch 842/1000
12/12 - 0s - loss: 0.0406 - val_loss: 0.0242 - 45ms/epoch - 4ms/step
Epoch 843/1000
12/12 - 0s - loss: 0.0410 - val_loss: 0.0236 - 46ms/epoch - 4ms/step
Epoch 844/1000
12/12 - 0s - loss: 0.0412 - val_loss: 0.0249 - 45ms/epoch - 4ms/step
Epoch 845/1000
12/12 - 0s - loss: 0.0414 - val_loss: 0.0240 - 48ms/epoch - 4ms/step
Epoch 846/1000
12/12 - 0s - loss: 0.0415 - val_loss: 0.0246 - 45ms/epoch - 4ms/step
Epoch 847/1000
12/12 - 0s - loss: 0.0415 - val_loss: 0.0240 - 49ms/epoch - 4ms/step
Epoch 848/1000
12/12 - 0s - loss: 0.0419 - val_loss: 0.0239 - 46ms/epoch - 4ms/step
Epoch 849/1000
12/12 - 0s - loss: 0.0420 - val_loss: 0.0256 - 45ms/epoch - 4ms/step
Epoch 850/1000
12/12 - 0s - loss: 0.0420 - val_loss: 0.0243 - 47ms/epoch - 4ms/step
Epoch 851/1000
12/12 - 0s - loss: 0.0418 - val_loss: 0.0249 - 46ms/epoch - 4ms/step
Epoch 852/1000
12/12 - 0s - loss: 0.0421 - val_loss: 0.0241 - 47ms/epoch - 4ms/step
Epoch 853/1000
12/12 - 0s - loss: 0.0420 - val_loss: 0.0244 - 46ms/epoch - 4ms/step
Epoch 854/1000
12/12 - 0s - loss: 0.0421 - val_loss: 0.0240 - 44ms/epoch - 4ms/step
Epoch 855/1000
12/12 - 0s - loss: 0.0422 - val_loss: 0.0246 - 44ms/epoch - 4ms/step
Epoch 856/1000
12/12 - 0s - loss: 0.0423 - val_loss: 0.0241 - 46ms/epoch - 4ms/step
Epoch 857/1000
12/12 - 0s - loss: 0.0424 - val_loss: 0.0249 - 45ms/epoch - 4ms/step
Epoch 858/1000
12/12 - 0s - loss: 0.0426 - val_loss: 0.0242 - 45ms/epoch - 4ms/step
Epoch 859/1000
12/12 - 0s - loss: 0.0427 - val_loss: 0.0249 - 48ms/epoch - 4ms/step
Epoch 860/1000
12/12 - 0s - loss: 0.0426 - val_loss: 0.0243 - 45ms/epoch - 4ms/step
Epoch 861/1000
12/12 - 0s - loss: 0.0428 - val_loss: 0.0251 - 45ms/epoch - 4ms/step
Epoch 862/1000
12/12 - 0s - loss: 0.0428 - val_loss: 0.0243 - 45ms/epoch - 4ms/step
Epoch 863/1000
12/12 - 0s - loss: 0.0430 - val_loss: 0.0249 - 50ms/epoch - 4ms/step
Epoch 864/1000
12/12 - 0s - loss: 0.0428 - val_loss: 0.0242 - 47ms/epoch - 4ms/step
Epoch 865/1000
12/12 - 0s - loss: 0.0430 - val_loss: 0.0251 - 45ms/epoch - 4ms/step
Epoch 866/1000
12/12 - 0s - loss: 0.0430 - val_loss: 0.0243 - 47ms/epoch - 4ms/step
Epoch 867/1000
12/12 - 0s - loss: 0.0431 - val_loss: 0.0248 - 46ms/epoch - 4ms/step
Epoch 868/1000
12/12 - 0s - loss: 0.0429 - val_loss: 0.0242 - 47ms/epoch - 4ms/step
Epoch 869/1000
12/12 - 0s - loss: 0.0430 - val_loss: 0.0250 - 45ms/epoch - 4ms/step
Epoch 870/1000
12/12 - 0s - loss: 0.0430 - val_loss: 0.0242 - 45ms/epoch - 4ms/step
Epoch 871/1000
12/12 - 0s - loss: 0.0440 - val_loss: 0.0258 - 47ms/epoch - 4ms/step
Epoch 872/1000
12/12 - 0s - loss: 0.0445 - val_loss: 0.0235 - 45ms/epoch - 4ms/step
Epoch 873/1000
12/12 - 0s - loss: 0.0445 - val_loss: 0.0251 - 45ms/epoch - 4ms/step
Epoch 874/1000
12/12 - 0s - loss: 0.0445 - val_loss: 0.0232 - 46ms/epoch - 4ms/step
Epoch 875/1000
12/12 - 0s - loss: 0.0447 - val_loss: 0.0236 - 47ms/epoch - 4ms/step
Epoch 876/1000
12/12 - 0s - loss: 0.0443 - val_loss: 0.0232 - 46ms/epoch - 4ms/step
Epoch 877/1000
12/12 - 0s - loss: 0.0442 - val_loss: 0.0230 - 49ms/epoch - 4ms/step
Epoch 878/1000
12/12 - 0s - loss: 0.0440 - val_loss: 0.0232 - 47ms/epoch - 4ms/step
Epoch 879/1000
12/12 - 0s - loss: 0.0440 - val_loss: 0.0232 - 49ms/epoch - 4ms/step
Epoch 880/1000
12/12 - 0s - loss: 0.0440 - val_loss: 0.0229 - 46ms/epoch - 4ms/step
Epoch 881/1000
12/12 - 0s - loss: 0.0441 - val_loss: 0.0232 - 47ms/epoch - 4ms/step
Epoch 882/1000
12/12 - 0s - loss: 0.0443 - val_loss: 0.0228 - 45ms/epoch - 4ms/step
Epoch 883/1000
12/12 - 0s - loss: 0.0443 - val_loss: 0.0228 - 49ms/epoch - 4ms/step
Epoch 884/1000
12/12 - 0s - loss: 0.0444 - val_loss: 0.0231 - 48ms/epoch - 4ms/step
Epoch 885/1000
12/12 - 0s - loss: 0.0443 - val_loss: 0.0229 - 52ms/epoch - 4ms/step
Epoch 886/1000
12/12 - 0s - loss: 0.0445 - val_loss: 0.0227 - 48ms/epoch - 4ms/step
Epoch 887/1000
12/12 - 0s - loss: 0.0435 - val_loss: 0.0230 - 49ms/epoch - 4ms/step
Epoch 888/1000
12/12 - 0s - loss: 0.0432 - val_loss: 0.0226 - 45ms/epoch - 4ms/step
Epoch 889/1000
12/12 - 0s - loss: 0.0429 - val_loss: 0.0226 - 48ms/epoch - 4ms/step
Epoch 890/1000
12/12 - 0s - loss: 0.0431 - val_loss: 0.0248 - 46ms/epoch - 4ms/step
Epoch 891/1000
12/12 - 0s - loss: 0.0453 - val_loss: 0.0215 - 47ms/epoch - 4ms/step
Epoch 892/1000
12/12 - 0s - loss: 0.0455 - val_loss: 0.0229 - 48ms/epoch - 4ms/step
Epoch 893/1000
12/12 - 0s - loss: 0.0442 - val_loss: 0.0235 - 46ms/epoch - 4ms/step
Epoch 894/1000
12/12 - 0s - loss: 0.0444 - val_loss: 0.0218 - 49ms/epoch - 4ms/step
Epoch 895/1000
12/12 - 0s - loss: 0.0435 - val_loss: 0.0226 - 45ms/epoch - 4ms/step
Epoch 896/1000
12/12 - 0s - loss: 0.0434 - val_loss: 0.0231 - 47ms/epoch - 4ms/step
Epoch 897/1000
12/12 - 0s - loss: 0.0457 - val_loss: 0.0216 - 47ms/epoch - 4ms/step
Epoch 898/1000
12/12 - 0s - loss: 0.0463 - val_loss: 0.0217 - 48ms/epoch - 4ms/step
Epoch 899/1000
12/12 - 0s - loss: 0.0456 - val_loss: 0.0216 - 49ms/epoch - 4ms/step
Epoch 900/1000
12/12 - 0s - loss: 0.0447 - val_loss: 0.0225 - 47ms/epoch - 4ms/step
Epoch 901/1000
12/12 - 0s - loss: 0.0434 - val_loss: 0.0215 - 52ms/epoch - 4ms/step
Epoch 902/1000
12/12 - 0s - loss: 0.0449 - val_loss: 0.0229 - 48ms/epoch - 4ms/step
Epoch 903/1000
12/12 - 0s - loss: 0.0471 - val_loss: 0.0219 - 50ms/epoch - 4ms/step
Epoch 904/1000
12/12 - 0s - loss: 0.0463 - val_loss: 0.0230 - 45ms/epoch - 4ms/step
Epoch 905/1000
12/12 - 0s - loss: 0.0442 - val_loss: 0.0218 - 49ms/epoch - 4ms/step
Epoch 906/1000
12/12 - 0s - loss: 0.0446 - val_loss: 0.0214 - 49ms/epoch - 4ms/step
Epoch 907/1000
12/12 - 0s - loss: 0.0446 - val_loss: 0.0213 - 46ms/epoch - 4ms/step
Epoch 908/1000
12/12 - 0s - loss: 0.0447 - val_loss: 0.0217 - 52ms/epoch - 4ms/step
Epoch 909/1000
12/12 - 0s - loss: 0.0432 - val_loss: 0.0219 - 49ms/epoch - 4ms/step
Epoch 910/1000
12/12 - 0s - loss: 0.0428 - val_loss: 0.0213 - 45ms/epoch - 4ms/step
Epoch 911/1000
12/12 - 0s - loss: 0.0424 - val_loss: 0.0220 - 46ms/epoch - 4ms/step
Epoch 912/1000
12/12 - 0s - loss: 0.0431 - val_loss: 0.0229 - 47ms/epoch - 4ms/step
Epoch 913/1000
12/12 - 0s - loss: 0.0457 - val_loss: 0.0217 - 46ms/epoch - 4ms/step
Epoch 914/1000
12/12 - 0s - loss: 0.0476 - val_loss: 0.0214 - 47ms/epoch - 4ms/step
Epoch 915/1000
12/12 - 0s - loss: 0.0475 - val_loss: 0.0206 - 47ms/epoch - 4ms/step
Epoch 916/1000
12/12 - 0s - loss: 0.0474 - val_loss: 0.0208 - 46ms/epoch - 4ms/step
Epoch 917/1000
12/12 - 0s - loss: 0.0465 - val_loss: 0.0202 - 46ms/epoch - 4ms/step
Epoch 918/1000
12/12 - 0s - loss: 0.0468 - val_loss: 0.0204 - 51ms/epoch - 4ms/step
Epoch 919/1000
12/12 - 0s - loss: 0.0455 - val_loss: 0.0200 - 44ms/epoch - 4ms/step
Epoch 920/1000
12/12 - 0s - loss: 0.0454 - val_loss: 0.0196 - 46ms/epoch - 4ms/step
Epoch 921/1000
12/12 - 0s - loss: 0.0440 - val_loss: 0.0205 - 47ms/epoch - 4ms/step
Epoch 922/1000
12/12 - 0s - loss: 0.0451 - val_loss: 0.0198 - 52ms/epoch - 4ms/step
Epoch 923/1000
12/12 - 0s - loss: 0.0430 - val_loss: 0.0219 - 45ms/epoch - 4ms/step
Epoch 924/1000
12/12 - 0s - loss: 0.0428 - val_loss: 0.0230 - 52ms/epoch - 4ms/step
Epoch 925/1000
12/12 - 0s - loss: 0.0391 - val_loss: 0.0225 - 48ms/epoch - 4ms/step
Epoch 926/1000
12/12 - 0s - loss: 0.0393 - val_loss: 0.0221 - 47ms/epoch - 4ms/step
Epoch 927/1000
12/12 - 0s - loss: 0.0375 - val_loss: 0.0280 - 46ms/epoch - 4ms/step
Epoch 928/1000
12/12 - 0s - loss: 0.0391 - val_loss: 0.0261 - 48ms/epoch - 4ms/step
Epoch 929/1000
12/12 - 0s - loss: 0.0405 - val_loss: 0.0252 - 46ms/epoch - 4ms/step
Epoch 930/1000
12/12 - 0s - loss: 0.0413 - val_loss: 0.0245 - 46ms/epoch - 4ms/step
Epoch 931/1000
12/12 - 0s - loss: 0.0419 - val_loss: 0.0244 - 50ms/epoch - 4ms/step
Epoch 932/1000
12/12 - 0s - loss: 0.0421 - val_loss: 0.0245 - 45ms/epoch - 4ms/step
Epoch 933/1000
12/12 - 0s - loss: 0.0428 - val_loss: 0.0287 - 45ms/epoch - 4ms/step
Epoch 934/1000
12/12 - 0s - loss: 0.0433 - val_loss: 0.0238 - 52ms/epoch - 4ms/step
Epoch 935/1000
12/12 - 0s - loss: 0.0441 - val_loss: 0.0262 - 46ms/epoch - 4ms/step
Epoch 936/1000
12/12 - 0s - loss: 0.0446 - val_loss: 0.0258 - 52ms/epoch - 4ms/step
Epoch 937/1000
12/12 - 0s - loss: 0.0428 - val_loss: 0.0245 - 46ms/epoch - 4ms/step
Epoch 938/1000
12/12 - 0s - loss: 0.0428 - val_loss: 0.0248 - 47ms/epoch - 4ms/step
Epoch 939/1000
12/12 - 0s - loss: 0.0423 - val_loss: 0.0241 - 46ms/epoch - 4ms/step
Epoch 940/1000
12/12 - 0s - loss: 0.0435 - val_loss: 0.0237 - 47ms/epoch - 4ms/step
Epoch 941/1000
12/12 - 0s - loss: 0.0436 - val_loss: 0.0235 - 47ms/epoch - 4ms/step
Epoch 942/1000
12/12 - 0s - loss: 0.0434 - val_loss: 0.0253 - 52ms/epoch - 4ms/step
Epoch 943/1000
12/12 - 0s - loss: 0.0431 - val_loss: 0.0240 - 45ms/epoch - 4ms/step
Epoch 944/1000
12/12 - 0s - loss: 0.0434 - val_loss: 0.0229 - 51ms/epoch - 4ms/step
Epoch 945/1000
12/12 - 0s - loss: 0.0438 - val_loss: 0.0228 - 47ms/epoch - 4ms/step
Epoch 946/1000
12/12 - 0s - loss: 0.0437 - val_loss: 0.0230 - 47ms/epoch - 4ms/step
Epoch 947/1000
12/12 - 0s - loss: 0.0435 - val_loss: 0.0234 - 48ms/epoch - 4ms/step
Epoch 948/1000
12/12 - 0s - loss: 0.0430 - val_loss: 0.0238 - 46ms/epoch - 4ms/step
Epoch 949/1000
12/12 - 0s - loss: 0.0429 - val_loss: 0.0238 - 48ms/epoch - 4ms/step
Epoch 950/1000
12/12 - 0s - loss: 0.0429 - val_loss: 0.0239 - 47ms/epoch - 4ms/step
Epoch 951/1000
12/12 - 0s - loss: 0.0436 - val_loss: 0.0238 - 52ms/epoch - 4ms/step
Epoch 952/1000
12/12 - 0s - loss: 0.0441 - val_loss: 0.0237 - 47ms/epoch - 4ms/step
Epoch 953/1000
12/12 - 0s - loss: 0.0439 - val_loss: 0.0236 - 45ms/epoch - 4ms/step
Epoch 954/1000
12/12 - 0s - loss: 0.0430 - val_loss: 0.0245 - 46ms/epoch - 4ms/step
Epoch 955/1000
12/12 - 0s - loss: 0.0428 - val_loss: 0.0239 - 47ms/epoch - 4ms/step
Epoch 956/1000
12/12 - 0s - loss: 0.0425 - val_loss: 0.0239 - 48ms/epoch - 4ms/step
Epoch 957/1000
12/12 - 0s - loss: 0.0424 - val_loss: 0.0237 - 46ms/epoch - 4ms/step
Epoch 958/1000
12/12 - 0s - loss: 0.0423 - val_loss: 0.0240 - 46ms/epoch - 4ms/step
Epoch 959/1000
12/12 - 0s - loss: 0.0424 - val_loss: 0.0237 - 49ms/epoch - 4ms/step
Epoch 960/1000
12/12 - 0s - loss: 0.0424 - val_loss: 0.0240 - 47ms/epoch - 4ms/step
Epoch 961/1000
12/12 - 0s - loss: 0.0421 - val_loss: 0.0239 - 47ms/epoch - 4ms/step
Epoch 962/1000
12/12 - 0s - loss: 0.0424 - val_loss: 0.0235 - 46ms/epoch - 4ms/step
Epoch 963/1000
12/12 - 0s - loss: 0.0423 - val_loss: 0.0241 - 47ms/epoch - 4ms/step
Epoch 964/1000
12/12 - 0s - loss: 0.0421 - val_loss: 0.0257 - 48ms/epoch - 4ms/step
Epoch 965/1000
12/12 - 0s - loss: 0.0423 - val_loss: 0.0239 - 47ms/epoch - 4ms/step
Epoch 966/1000
12/12 - 0s - loss: 0.0426 - val_loss: 0.0260 - 46ms/epoch - 4ms/step
Epoch 967/1000
12/12 - 0s - loss: 0.0427 - val_loss: 0.0241 - 47ms/epoch - 4ms/step
Epoch 968/1000
12/12 - 0s - loss: 0.0426 - val_loss: 0.0249 - 47ms/epoch - 4ms/step
Epoch 969/1000
12/12 - 0s - loss: 0.0423 - val_loss: 0.0256 - 45ms/epoch - 4ms/step
Epoch 970/1000
12/12 - 0s - loss: 0.0423 - val_loss: 0.0247 - 46ms/epoch - 4ms/step
Epoch 971/1000
12/12 - 0s - loss: 0.0428 - val_loss: 0.0241 - 45ms/epoch - 4ms/step
Epoch 972/1000
12/12 - 0s - loss: 0.0427 - val_loss: 0.0239 - 48ms/epoch - 4ms/step
Epoch 973/1000
12/12 - 0s - loss: 0.0411 - val_loss: 0.0255 - 46ms/epoch - 4ms/step
Epoch 974/1000
12/12 - 0s - loss: 0.0403 - val_loss: 0.0260 - 45ms/epoch - 4ms/step
Epoch 975/1000
12/12 - 0s - loss: 0.0421 - val_loss: 0.0241 - 46ms/epoch - 4ms/step
Epoch 976/1000
12/12 - 0s - loss: 0.0433 - val_loss: 0.0268 - 45ms/epoch - 4ms/step
Epoch 977/1000
12/12 - 0s - loss: 0.0441 - val_loss: 0.0257 - 46ms/epoch - 4ms/step
Epoch 978/1000
12/12 - 0s - loss: 0.0457 - val_loss: 0.0246 - 46ms/epoch - 4ms/step
Epoch 979/1000
12/12 - 0s - loss: 0.0464 - val_loss: 0.0243 - 47ms/epoch - 4ms/step
Epoch 980/1000
12/12 - 0s - loss: 0.0443 - val_loss: 0.0243 - 46ms/epoch - 4ms/step
Epoch 981/1000
12/12 - 0s - loss: 0.0412 - val_loss: 0.0256 - 49ms/epoch - 4ms/step
Epoch 982/1000
12/12 - 0s - loss: 0.0399 - val_loss: 0.0261 - 48ms/epoch - 4ms/step
Epoch 983/1000
12/12 - 0s - loss: 0.0416 - val_loss: 0.0244 - 45ms/epoch - 4ms/step
Epoch 984/1000
12/12 - 0s - loss: 0.0431 - val_loss: 0.0241 - 47ms/epoch - 4ms/step
Epoch 985/1000
12/12 - 0s - loss: 0.0430 - val_loss: 0.0267 - 50ms/epoch - 4ms/step
Epoch 986/1000
12/12 - 0s - loss: 0.0441 - val_loss: 0.0251 - 46ms/epoch - 4ms/step
Epoch 987/1000
12/12 - 0s - loss: 0.0439 - val_loss: 0.0242 - 46ms/epoch - 4ms/step
Epoch 988/1000
12/12 - 0s - loss: 0.0434 - val_loss: 0.0244 - 45ms/epoch - 4ms/step
Epoch 989/1000
12/12 - 0s - loss: 0.0427 - val_loss: 0.0244 - 62ms/epoch - 5ms/step
Epoch 990/1000
12/12 - 0s - loss: 0.0432 - val_loss: 0.0241 - 50ms/epoch - 4ms/step
Epoch 991/1000
12/12 - 0s - loss: 0.0430 - val_loss: 0.0238 - 49ms/epoch - 4ms/step
Epoch 992/1000
12/12 - 0s - loss: 0.0416 - val_loss: 0.0256 - 48ms/epoch - 4ms/step
Epoch 993/1000
12/12 - 0s - loss: 0.0389 - val_loss: 0.0262 - 45ms/epoch - 4ms/step
Epoch 994/1000
12/12 - 0s - loss: 0.0380 - val_loss: 0.0247 - 49ms/epoch - 4ms/step
Epoch 995/1000
12/12 - 0s - loss: 0.0383 - val_loss: 0.0268 - 48ms/epoch - 4ms/step
Epoch 996/1000
12/12 - 0s - loss: 0.0378 - val_loss: 0.0260 - 53ms/epoch - 4ms/step
Epoch 997/1000
12/12 - 0s - loss: 0.0390 - val_loss: 0.0267 - 46ms/epoch - 4ms/step
Epoch 998/1000
12/12 - 0s - loss: 0.0376 - val_loss: 0.0275 - 47ms/epoch - 4ms/step
Epoch 999/1000
12/12 - 0s - loss: 0.0385 - val_loss: 0.0268 - 46ms/epoch - 4ms/step
Epoch 1000/1000
12/12 - 0s - loss: 0.0413 - val_loss: 0.0305 - 45ms/epoch - 4ms/step
2026-05-06 17:05:17,066 [INFO] [Force1_lstm] MAE=409.508583  MAPE=0.081508  MSE=258272.928302  RMSE=508.205596  Acc=0.984576
2026-05-06 17:05:17,072 [INFO] НсЙћвбБЃДцЕН results\s5\force1_lstm_h500.csv
2026-05-06 17:05:17,072 [INFO]   дЄВтНсЙћвбБЃДц Ёњ results\s5\force1_lstm_h500.csv
2026-05-06 17:05:17,231 [INFO] ЭМЯёвбБЃДцЕН results\s5\figures\force1_lstm_prediction.png
2026-05-06 17:05:17,325 [INFO] ЭМЯёвбБЃДцЕН results\s5\figures\force1_lstm_loss.png
2026-05-06 17:05:17,325 [INFO] ЉЅЉЅЉЅ Stage 1 ФЃаЭ: gru ЉЅЉЅЉЅ
2026-05-06 17:05:17,325 [INFO]   Stage 1: H Ёњ Heave
2026-05-06 17:05:18,112 [INFO] вбЙЙНЈ GRU ФЃаЭ: units=[25, 100, 100], activation=tanh
Epoch 1/30
60/60 - 11s - loss: 0.0461 - val_loss: 0.0170 - 11s/epoch - 189ms/step
Epoch 2/30
60/60 - 10s - loss: 0.0230 - val_loss: 0.0105 - 10s/epoch - 164ms/step
Epoch 3/30
60/60 - 10s - loss: 0.0130 - val_loss: 0.0083 - 10s/epoch - 168ms/step
Epoch 4/30
60/60 - 10s - loss: 0.0115 - val_loss: 0.0069 - 10s/epoch - 163ms/step
Epoch 5/30
60/60 - 10s - loss: 0.0111 - val_loss: 0.0063 - 10s/epoch - 165ms/step
Epoch 6/30
60/60 - 10s - loss: 0.0108 - val_loss: 0.0068 - 10s/epoch - 159ms/step
Epoch 7/30
60/60 - 9s - loss: 0.0106 - val_loss: 0.0061 - 9s/epoch - 156ms/step
Epoch 8/30
60/60 - 9s - loss: 0.0093 - val_loss: 0.0056 - 9s/epoch - 149ms/step
Epoch 9/30
60/60 - 9s - loss: 0.0564 - val_loss: 0.0356 - 9s/epoch - 152ms/step
Epoch 10/30
60/60 - 9s - loss: 0.0328 - val_loss: 0.0121 - 9s/epoch - 157ms/step
Epoch 11/30
60/60 - 9s - loss: 0.0191 - val_loss: 0.0138 - 9s/epoch - 158ms/step
Epoch 12/30
60/60 - 9s - loss: 0.0171 - val_loss: 0.0151 - 9s/epoch - 158ms/step
Epoch 13/30
60/60 - 10s - loss: 0.0162 - val_loss: 0.0138 - 10s/epoch - 163ms/step
Epoch 14/30
60/60 - 10s - loss: 0.0140 - val_loss: 0.0110 - 10s/epoch - 159ms/step
Epoch 15/30
60/60 - 10s - loss: 0.0123 - val_loss: 0.0111 - 10s/epoch - 159ms/step
Epoch 16/30
60/60 - 10s - loss: 0.0128 - val_loss: 0.0099 - 10s/epoch - 160ms/step
Epoch 17/30
60/60 - 9s - loss: 0.0122 - val_loss: 0.0121 - 9s/epoch - 155ms/step
Epoch 18/30
60/60 - 9s - loss: 0.0121 - val_loss: 0.0120 - 9s/epoch - 152ms/step
Epoch 19/30
60/60 - 9s - loss: 0.0134 - val_loss: 0.0101 - 9s/epoch - 156ms/step
Epoch 20/30
60/60 - 10s - loss: 0.0124 - val_loss: 0.0082 - 10s/epoch - 161ms/step
Epoch 21/30
60/60 - 9s - loss: 0.0102 - val_loss: 0.0069 - 9s/epoch - 155ms/step
Epoch 22/30
60/60 - 10s - loss: 0.0103 - val_loss: 0.0133 - 10s/epoch - 167ms/step
Epoch 23/30
60/60 - 10s - loss: 0.0111 - val_loss: 0.0084 - 10s/epoch - 161ms/step
Epoch 24/30
60/60 - 9s - loss: 0.0093 - val_loss: 0.0138 - 9s/epoch - 157ms/step
Epoch 25/30
60/60 - 10s - loss: 0.0097 - val_loss: 0.0105 - 10s/epoch - 161ms/step
Epoch 26/30
60/60 - 10s - loss: 0.0101 - val_loss: 0.0093 - 10s/epoch - 162ms/step
Epoch 27/30
60/60 - 9s - loss: 0.0085 - val_loss: 0.0201 - 9s/epoch - 158ms/step
Epoch 28/30
60/60 - 10s - loss: 0.0098 - val_loss: 0.0124 - 10s/epoch - 163ms/step
Epoch 29/30
60/60 - 10s - loss: 0.0084 - val_loss: 0.0091 - 10s/epoch - 159ms/step
Epoch 30/30
60/60 - 10s - loss: 0.0080 - val_loss: 0.0118 - 10s/epoch - 164ms/step
2026-05-06 17:10:16,845 [INFO]   Stage 1 [H Ёњ Heave] ЭъГЩ: (3000, 1) Ёњ (4500, 1)
2026-05-06 17:10:16,845 [INFO]   Stage 1: H Ёњ Surge
2026-05-06 17:10:17,528 [INFO] вбЙЙНЈ GRU ФЃаЭ: units=[25, 100, 100], activation=tanh
Epoch 1/30
66/66 - 12s - loss: nan - val_loss: nan - 12s/epoch - 180ms/step
Epoch 2/30
66/66 - 10s - loss: nan - val_loss: nan - 10s/epoch - 149ms/step
Epoch 3/30
66/66 - 10s - loss: nan - val_loss: nan - 10s/epoch - 150ms/step
Epoch 4/30
66/66 - 10s - loss: nan - val_loss: nan - 10s/epoch - 149ms/step
Epoch 5/30
66/66 - 10s - loss: nan - val_loss: nan - 10s/epoch - 152ms/step
Epoch 6/30
66/66 - 10s - loss: nan - val_loss: nan - 10s/epoch - 148ms/step
Epoch 7/30
66/66 - 10s - loss: nan - val_loss: nan - 10s/epoch - 156ms/step
Epoch 8/30
66/66 - 10s - loss: nan - val_loss: nan - 10s/epoch - 151ms/step
Epoch 9/30
66/66 - 10s - loss: nan - val_loss: nan - 10s/epoch - 148ms/step
Epoch 10/30
66/66 - 9s - loss: nan - val_loss: nan - 9s/epoch - 144ms/step
Epoch 11/30
66/66 - 11s - loss: nan - val_loss: nan - 11s/epoch - 160ms/step
Epoch 12/30
66/66 - 11s - loss: nan - val_loss: nan - 11s/epoch - 166ms/step
Epoch 13/30
66/66 - 11s - loss: nan - val_loss: nan - 11s/epoch - 165ms/step
Epoch 14/30
66/66 - 11s - loss: nan - val_loss: nan - 11s/epoch - 166ms/step
Epoch 15/30
66/66 - 11s - loss: nan - val_loss: nan - 11s/epoch - 164ms/step
Epoch 16/30
66/66 - 11s - loss: nan - val_loss: nan - 11s/epoch - 166ms/step
Epoch 17/30
66/66 - 10s - loss: nan - val_loss: nan - 10s/epoch - 149ms/step
Epoch 18/30
66/66 - 10s - loss: nan - val_loss: nan - 10s/epoch - 147ms/step
Epoch 19/30
66/66 - 10s - loss: nan - val_loss: nan - 10s/epoch - 155ms/step
Epoch 20/30
66/66 - 11s - loss: nan - val_loss: nan - 11s/epoch - 167ms/step
Epoch 21/30
66/66 - 11s - loss: nan - val_loss: nan - 11s/epoch - 166ms/step
Epoch 22/30
66/66 - 11s - loss: nan - val_loss: nan - 11s/epoch - 168ms/step
Epoch 23/30
66/66 - 11s - loss: nan - val_loss: nan - 11s/epoch - 164ms/step
Epoch 24/30
66/66 - 11s - loss: nan - val_loss: nan - 11s/epoch - 166ms/step
Epoch 25/30
66/66 - 10s - loss: nan - val_loss: nan - 10s/epoch - 154ms/step
Epoch 26/30
66/66 - 10s - loss: nan - val_loss: nan - 10s/epoch - 159ms/step
Epoch 27/30
66/66 - 10s - loss: nan - val_loss: nan - 10s/epoch - 150ms/step
Epoch 28/30
66/66 - 10s - loss: nan - val_loss: nan - 10s/epoch - 144ms/step
Epoch 29/30
